#
# There is insufficient memory for the Java Runtime Environment to continue.
# Native memory allocation (malloc) failed to allocate 1004656 bytes for Chunk::new
# Possible reasons:
#   The system is out of physical RAM or swap space
#   In 32 bit mode, the process size limit was hit
# Possible solutions:
#   Reduce memory load on the system
#   Increase physical memory or swap space
#   Check if swap backing store is full
#   Use 64 bit Java on a 64 bit OS
#   Decrease Java heap size (-Xmx/-Xms)
#   Decrease number of Java threads
#   Decrease Java thread stack sizes (-Xss)
#   Set larger code cache with -XX:ReservedCodeCacheSize=
# This output file may be truncated or incomplete.
#
#  Out of Memory Error (allocation.cpp:390), pid=5272, tid=3544
#
# JRE version: Java(TM) SE Runtime Environment (8.0_60-b27) (build 1.8.0_60-b27)
# Java VM: Java HotSpot(TM) 64-Bit Server VM (25.60-b23 mixed mode windows-amd64 compressed oops)
# Failed to write core dump. Minidumps are not enabled by default on client versions of Windows
#

---------------  T H R E A D  ---------------

Current thread (0x0000000014e14000):  JavaThread "C2 CompilerThread0" daemon [_thread_in_native, id=3544, stack(0x0000000016070000,0x0000000016170000)]

Stack: [0x0000000016070000,0x0000000016170000]
[error occurred during error reporting (printing stack bounds), id 0xc0000005]

Native frames: (J=compiled Java code, j=interpreted, Vv=VM code, C=native code)


Current CompileTask:
C2:  41246 2761       4       com.android.dx.dex.code.LocalList::make (102 bytes)


---------------  P R O C E S S  ---------------

Java Threads: ( => current thread )
  0x0000000016371000 JavaThread "Service Thread" daemon [_thread_blocked, id=5532, stack(0x00000000168b0000,0x00000000169b0000)]
  0x0000000014e1a000 JavaThread "C1 CompilerThread1" daemon [_thread_blocked, id=3976, stack(0x0000000016270000,0x0000000016370000)]
=>0x0000000014e14000 JavaThread "C2 CompilerThread0" daemon [_thread_in_native, id=3544, stack(0x0000000016070000,0x0000000016170000)]
  0x0000000014e12800 JavaThread "Attach Listener" daemon [_thread_blocked, id=3204, stack(0x0000000015f00000,0x0000000016000000)]
  0x0000000014e21800 JavaThread "Signal Dispatcher" daemon [_thread_blocked, id=4804, stack(0x0000000015de0000,0x0000000015ee0000)]
  0x0000000014db6000 JavaThread "Finalizer" daemon [_thread_blocked, id=2840, stack(0x0000000015c10000,0x0000000015d10000)]
  0x0000000014db2800 JavaThread "Reference Handler" daemon [_thread_blocked, id=4664, stack(0x0000000015ac0000,0x0000000015bc0000)]
  0x000000000223e000 JavaThread "main" [_thread_in_vm, id=2688, stack(0x0000000002410000,0x0000000002510000)]

Other Threads:
  0x0000000014dac800 VMThread [stack: 0x0000000015940000,0x0000000015a40000] [id=5736]
  0x000000001637a800 WatcherThread [stack: 0x0000000016b30000,0x0000000016c30000] [id=6052]

VM state:not at safepoint (normal execution)

VM Mutex/Monitor currently owned by a thread: None

Heap:
 PSYoungGen      total 68096K, used 38741K [0x00000000eab00000, 0x00000000ef000000, 0x0000000100000000)
  eden space 65536K, 55% used [0x00000000eab00000,0x00000000ece5b698,0x00000000eeb00000)
  from space 2560K, 99% used [0x00000000eeb00000,0x00000000eed7a030,0x00000000eed80000)
  to   space 2560K, 0% used [0x00000000eed80000,0x00000000eed80000,0x00000000ef000000)
 ParOldGen       total 69632K, used 40562K [0x00000000c0000000, 0x00000000c4400000, 0x00000000eab00000)
  object space 69632K, 58% used [0x00000000c0000000,0x00000000c279c8b8,0x00000000c4400000)
 Metaspace       used 6804K, capacity 7480K, committed 7680K, reserved 1056768K
  class space    used 639K, capacity 688K, committed 768K, reserved 1048576K

Card table byte_map: [0x0000000011ba0000,0x0000000011db0000] byte_map_base: 0x00000000115a0000

Marking Bits: (ParMarkBitMap*) 0x0000000077f7a5b0
 Begin Bits: [0x0000000012280000, 0x0000000013280000)
 End Bits:   [0x0000000013280000, 0x0000000014280000)

Polling page: 0x0000000001b60000

CodeCache: size=245760Kb used=11192Kb max_used=11192Kb free=234567Kb
 bounds [0x00000000027e0000, 0x00000000032e0000, 0x00000000117e0000]
 total_blobs=2575 nmethods=2309 adapters=180
 compilation: enabled

Compilation events (10 events):
Event: 41.219 Thread 0x0000000014e1a000 2776       2       com.android.dx.util.ByteArrayAnnotatedOutput::ensureCapacity (39 bytes)
Event: 41.219 Thread 0x0000000014e1a000 nmethod 2776 0x00000000032d7910 code [0x00000000032d7a80, 0x00000000032d7d48]
Event: 41.219 Thread 0x0000000014e1a000 2777       1       java.util.TreeMap$Entry::getKey (5 bytes)
Event: 41.219 Thread 0x0000000014e1a000 nmethod 2777 0x00000000032b7e50 code [0x00000000032b7fa0, 0x00000000032b80b0]
Event: 41.219 Thread 0x0000000014e1a000 2778       2       java.lang.Integer::valueOf (32 bytes)
Event: 41.219 Thread 0x0000000014e1a000 nmethod 2778 0x00000000032d7e50 code [0x00000000032d7fc0, 0x00000000032d8190]
Event: 41.228 Thread 0x0000000014e1a000 2779       2       com.android.dx.dex.code.form.Form31c::isCompatible (133 bytes)
Event: 41.229 Thread 0x0000000014e1a000 nmethod 2779 0x00000000032d8290 code [0x00000000032d8440, 0x00000000032d88a8]
Event: 41.234 Thread 0x0000000014e1a000 2780       2       com.android.dx.util.ByteArrayAnnotatedOutput::writeByte (51 bytes)
Event: 41.235 Thread 0x0000000014e1a000 nmethod 2780 0x00000000032d8bd0 code [0x00000000032d8d40, 0x00000000032d8fd8]

GC Heap History (10 events):
Event: 20.600 GC heap before
{Heap before GC invocations=4 (full 0):
 PSYoungGen      total 35328K, used 35318K [0x00000000eab00000, 0x00000000ef000000, 0x0000000100000000)
  eden space 32768K, 100% used [0x00000000eab00000,0x00000000ecb00000,0x00000000ecb00000)
  from space 2560K, 99% used [0x00000000ecb00000,0x00000000ecd7db40,0x00000000ecd80000)
  to   space 2560K, 0% used [0x00000000eed80000,0x00000000eed80000,0x00000000ef000000)
 ParOldGen       total 44032K, used 7715K [0x00000000c0000000, 0x00000000c2b00000, 0x00000000eab00000)
  object space 44032K, 17% used [0x00000000c0000000,0x00000000c0788d20,0x00000000c2b00000)
 Metaspace       used 6278K, capacity 7152K, committed 7296K, reserved 1056768K
  class space    used 600K, capacity 616K, committed 640K, reserved 1048576K
Event: 20.740 GC heap after
Heap after GC invocations=4 (full 0):
 PSYoungGen      total 68096K, used 2532K [0x00000000eab00000, 0x00000000ef000000, 0x0000000100000000)
  eden space 65536K, 0% used [0x00000000eab00000,0x00000000eab00000,0x00000000eeb00000)
  from space 2560K, 98% used [0x00000000eed80000,0x00000000eeff93c8,0x00000000ef000000)
  to   space 2560K, 0% used [0x00000000eeb00000,0x00000000eeb00000,0x00000000eed80000)
 ParOldGen       total 44032K, used 12654K [0x00000000c0000000, 0x00000000c2b00000, 0x00000000eab00000)
  object space 44032K, 28% used [0x00000000c0000000,0x00000000c0c5b998,0x00000000c2b00000)
 Metaspace       used 6278K, capacity 7152K, committed 7296K, reserved 1056768K
  class space    used 600K, capacity 616K, committed 640K, reserved 1048576K
}
Event: 26.877 GC heap before
{Heap before GC invocations=5 (full 0):
 PSYoungGen      total 68096K, used 68068K [0x00000000eab00000, 0x00000000ef000000, 0x0000000100000000)
  eden space 65536K, 100% used [0x00000000eab00000,0x00000000eeb00000,0x00000000eeb00000)
  from space 2560K, 98% used [0x00000000eed80000,0x00000000eeff93c8,0x00000000ef000000)
  to   space 2560K, 0% used [0x00000000eeb00000,0x00000000eeb00000,0x00000000eed80000)
 ParOldGen       total 44032K, used 12654K [0x00000000c0000000, 0x00000000c2b00000, 0x00000000eab00000)
  object space 44032K, 28% used [0x00000000c0000000,0x00000000c0c5b998,0x00000000c2b00000)
 Metaspace       used 6318K, capacity 7152K, committed 7296K, reserved 1056768K
  class space    used 601K, capacity 616K, committed 640K, reserved 1048576K
Event: 27.049 GC heap after
Heap after GC invocations=5 (full 0):
 PSYoungGen      total 68096K, used 2553K [0x00000000eab00000, 0x00000000ef000000, 0x0000000100000000)
  eden space 65536K, 0% used [0x00000000eab00000,0x00000000eab00000,0x00000000eeb00000)
  from space 2560K, 99% used [0x00000000eeb00000,0x00000000eed7e4d0,0x00000000eed80000)
  to   space 2560K, 0% used [0x00000000eed80000,0x00000000eed80000,0x00000000ef000000)
 ParOldGen       total 44032K, used 22936K [0x00000000c0000000, 0x00000000c2b00000, 0x00000000eab00000)
  object space 44032K, 52% used [0x00000000c0000000,0x00000000c1666190,0x00000000c2b00000)
 Metaspace       used 6318K, capacity 7152K, committed 7296K, reserved 1056768K
  class space    used 601K, capacity 616K, committed 640K, reserved 1048576K
}
Event: 29.610 GC heap before
{Heap before GC invocations=6 (full 0):
 PSYoungGen      total 68096K, used 68089K [0x00000000eab00000, 0x00000000ef000000, 0x0000000100000000)
  eden space 65536K, 100% used [0x00000000eab00000,0x00000000eeb00000,0x00000000eeb00000)
  from space 2560K, 99% used [0x00000000eeb00000,0x00000000eed7e4d0,0x00000000eed80000)
  to   space 2560K, 0% used [0x00000000eed80000,0x00000000eed80000,0x00000000ef000000)
 ParOldGen       total 44032K, used 22936K [0x00000000c0000000, 0x00000000c2b00000, 0x00000000eab00000)
  object space 44032K, 52% used [0x00000000c0000000,0x00000000c1666190,0x00000000c2b00000)
 Metaspace       used 6461K, capacity 7192K, committed 7424K, reserved 1056768K
  class space    used 622K, capacity 656K, committed 768K, reserved 1048576K
Event: 29.704 GC heap after
Heap after GC invocations=6 (full 0):
 PSYoungGen      total 68096K, used 2531K [0x00000000eab00000, 0x00000000ef000000, 0x0000000100000000)
  eden space 65536K, 0% used [0x00000000eab00000,0x00000000eab00000,0x00000000eeb00000)
  from space 2560K, 98% used [0x00000000eed80000,0x00000000eeff8c18,0x00000000ef000000)
  to   space 2560K, 0% used [0x00000000eeb00000,0x00000000eeb00000,0x00000000eed80000)
 ParOldGen       total 44032K, used 33299K [0x00000000c0000000, 0x00000000c2b00000, 0x00000000eab00000)
  object space 44032K, 75% used [0x00000000c0000000,0x00000000c2084e58,0x00000000c2b00000)
 Metaspace       used 6461K, capacity 7192K, committed 7424K, reserved 1056768K
  class space    used 622K, capacity 656K, committed 768K, reserved 1048576K
}
Event: 29.704 GC heap before
{Heap before GC invocations=7 (full 1):
 PSYoungGen      total 68096K, used 2531K [0x00000000eab00000, 0x00000000ef000000, 0x0000000100000000)
  eden space 65536K, 0% used [0x00000000eab00000,0x00000000eab00000,0x00000000eeb00000)
  from space 2560K, 98% used [0x00000000eed80000,0x00000000eeff8c18,0x00000000ef000000)
  to   space 2560K, 0% used [0x00000000eeb00000,0x00000000eeb00000,0x00000000eed80000)
 ParOldGen       total 44032K, used 33299K [0x00000000c0000000, 0x00000000c2b00000, 0x00000000eab00000)
  object space 44032K, 75% used [0x00000000c0000000,0x00000000c2084e58,0x00000000c2b00000)
 Metaspace       used 6461K, capacity 7192K, committed 7424K, reserved 1056768K
  class space    used 622K, capacity 656K, committed 768K, reserved 1048576K
Event: 31.136 GC heap after
Heap after GC invocations=7 (full 1):
 PSYoungGen      total 68096K, used 0K [0x00000000eab00000, 0x00000000ef000000, 0x0000000100000000)
  eden space 65536K, 0% used [0x00000000eab00000,0x00000000eab00000,0x00000000eeb00000)
  from space 2560K, 0% used [0x00000000eed80000,0x00000000eed80000,0x00000000ef000000)
  to   space 2560K, 0% used [0x00000000eeb00000,0x00000000eeb00000,0x00000000eed80000)
 ParOldGen       total 69632K, used 33458K [0x00000000c0000000, 0x00000000c4400000, 0x00000000eab00000)
  object space 69632K, 48% used [0x00000000c0000000,0x00000000c20ac938,0x00000000c4400000)
 Metaspace       used 6461K, capacity 7192K, committed 7424K, reserved 1056768K
  class space    used 622K, capacity 656K, committed 768K, reserved 1048576K
}
Event: 36.873 GC heap before
{Heap before GC invocations=8 (full 1):
 PSYoungGen      total 68096K, used 65536K [0x00000000eab00000, 0x00000000ef000000, 0x0000000100000000)
  eden space 65536K, 100% used [0x00000000eab00000,0x00000000eeb00000,0x00000000eeb00000)
  from space 2560K, 0% used [0x00000000eed80000,0x00000000eed80000,0x00000000ef000000)
  to   space 2560K, 0% used [0x00000000eeb00000,0x00000000eeb00000,0x00000000eed80000)
 ParOldGen       total 69632K, used 33458K [0x00000000c0000000, 0x00000000c4400000, 0x00000000eab00000)
  object space 69632K, 48% used [0x00000000c0000000,0x00000000c20ac938,0x00000000c4400000)
 Metaspace       used 6491K, capacity 7192K, committed 7424K, reserved 1056768K
  class space    used 622K, capacity 656K, committed 768K, reserved 1048576K
Event: 36.915 GC heap after
Heap after GC invocations=8 (full 1):
 PSYoungGen      total 68096K, used 2536K [0x00000000eab00000, 0x00000000ef000000, 0x0000000100000000)
  eden space 65536K, 0% used [0x00000000eab00000,0x00000000eab00000,0x00000000eeb00000)
  from space 2560K, 99% used [0x00000000eeb00000,0x00000000eed7a030,0x00000000eed80000)
  to   space 2560K, 0% used [0x00000000eed80000,0x00000000eed80000,0x00000000ef000000)
 ParOldGen       total 69632K, used 40562K [0x00000000c0000000, 0x00000000c4400000, 0x00000000eab00000)
  object space 69632K, 58% used [0x00000000c0000000,0x00000000c279c8b8,0x00000000c4400000)
 Metaspace       used 6491K, capacity 7192K, committed 7424K, reserved 1056768K
  class space    used 622K, capacity 656K, committed 768K, reserved 1048576K
}

Deoptimization events (10 events):
Event: 35.435 Thread 0x0000000016654800 Uncommon trap: reason=class_check action=maybe_recompile pc=0x00000000028ffd38 method=com.android.dx.ssa.back.FirstFitLocalCombiningAllocator.findNextUnreservedRopReg(IILcom/android/dx/ssa/back/FirstFitLocalCombiningAllocator$Alignment;)I @ 60
Event: 35.435 Thread 0x0000000016654800 Uncommon trap: reason=class_check action=maybe_recompile pc=0x00000000028ffd38 method=com.android.dx.ssa.back.FirstFitLocalCombiningAllocator.findNextUnreservedRopReg(IILcom/android/dx/ssa/back/FirstFitLocalCombiningAllocator$Alignment;)I @ 60
Event: 39.074 Thread 0x000000000223e000 Uncommon trap: reason=class_check action=maybe_recompile pc=0x0000000002c365b4 method=java.util.Arrays.hashCode([Ljava/lang/Object;)I @ 43
Event: 39.074 Thread 0x000000000223e000 Uncommon trap: reason=class_check action=maybe_recompile pc=0x0000000002c365b4 method=java.util.Arrays.hashCode([Ljava/lang/Object;)I @ 43
Event: 39.074 Thread 0x000000000223e000 Uncommon trap: reason=class_check action=maybe_recompile pc=0x0000000002c365b4 method=java.util.Arrays.hashCode([Ljava/lang/Object;)I @ 43
Event: 39.074 Thread 0x000000000223e000 Uncommon trap: reason=class_check action=maybe_recompile pc=0x0000000002c365b4 method=java.util.Arrays.hashCode([Ljava/lang/Object;)I @ 43
Event: 39.074 Thread 0x000000000223e000 Uncommon trap: reason=class_check action=maybe_recompile pc=0x0000000002c36b70 method=java.util.Arrays.hashCode([Ljava/lang/Object;)I @ 43
Event: 40.112 Thread 0x000000000223e000 Uncommon trap: reason=unstable_if action=reinterpret pc=0x00000000029f8d64 method=java.util.Arrays.equals([Ljava/lang/Object;[Ljava/lang/Object;)Z @ 23
Event: 40.326 Thread 0x000000000223e000 Uncommon trap: reason=unstable_if action=reinterpret pc=0x00000000029e2968 method=java.util.TreeMap.put(Ljava/lang/Object;Ljava/lang/Object;)Ljava/lang/Object; @ 163
Event: 40.363 Thread 0x000000000223e000 Uncommon trap: reason=unstable_if action=reinterpret pc=0x0000000002d984cc method=com.android.dx.rop.code.RegisterSpec.matchesVariable(Lcom/android/dx/rop/code/RegisterSpec;)Z @ 59

Internal exceptions (6 events):
Event: 0.069 Thread 0x000000000223e000 Exception <a 'java/lang/NoSuchMethodError': Method sun.misc.Unsafe.defineClass(Ljava/lang/String;[BII)Ljava/lang/Class; name or signature does not match> (0x00000000eab13060) thrown at [C:\re\workspace\8-2-build-windows-amd64-cygwin\jdk8u60\4407\hotspot\srãl„È¯“±?
Event: 0.069 Thread 0x000000000223e000 Exception <a 'java/lang/NoSuchMethodError': Method sun.misc.Unsafe.prefetchRead(Ljava/lang/Object;J)V name or signature does not match> (0x00000000eab13348) thrown at [C:\re\workspace\8-2-build-windows-amd64-cygwin\jdk8u60\4407\hotspot\src\share\vm\prims\ja—éÓo!@
Event: 8.718 Thread 0x0000000016655800 Implicit null exception at 0x0000000002b388d7 to 0x0000000002b3a905
Event: 27.082 Thread 0x0000000016654800 Exception <a 'java/lang/ArrayIndexOutOfBoundsException': 18> (0x00000000eabacca0) thrown at [C:\re\workspace\8-2-build-windows-amd64-cygwin\jdk8u60\4407\hotspot\src\share\vm\interpreter\interpreterRuntime.cpp, line 366]
Event: 27.083 Thread 0x0000000016654800 Exception <a 'java/lang/ArrayIndexOutOfBoundsException': 145> (0x00000000eabae820) thrown at [C:\re\workspace\8-2-build-windows-amd64-cygwin\jdk8u60\4407\hotspot\src\share\vm\interpreter\interpreterRuntime.cpp, line 366]
Event: 27.127 Thread 0x0000000016654800 Exception <a 'java/lang/ArrayIndexOutOfBoundsException': 40> (0x00000000eabafb08) thrown at [C:\re\workspace\8-2-build-windows-amd64-cygwin\jdk8u60\4407\hotspot\src\share\vm\interpreter\interpreterRuntime.cpp, line 366]

Events (10 events):
Event: 41.229 Thread 0x000000000223e000 DEOPT PACKING pc=0x0000000002c389bd sp=0x000000000250ed20
Event: 41.229 Thread 0x000000000223e000 DEOPT UNPACKING pc=0x00000000028271bf sp=0x000000000250ea90 mode 0
Event: 41.229 Thread 0x000000000223e000 DEOPT PACKING pc=0x0000000002b63546 sp=0x000000000250ec20
Event: 41.229 Thread 0x000000000223e000 DEOPT UNPACKING pc=0x00000000028271bf sp=0x000000000250e9e8 mode 0
Event: 41.230 Thread 0x000000000223e000 DEOPT PACKING pc=0x0000000002ae40cb sp=0x000000000250ec30
Event: 41.230 Thread 0x000000000223e000 DEOPT UNPACKING pc=0x00000000028271bf sp=0x000000000250e9a8 mode 0
Event: 41.234 Thread 0x000000000223e000 DEOPT PACKING pc=0x0000000002d92f01 sp=0x000000000250eb40
Event: 41.234 Thread 0x000000000223e000 DEOPT UNPACKING pc=0x00000000028271bf sp=0x000000000250e890 mode 0
Event: 41.235 Thread 0x000000000223e000 DEOPT PACKING pc=0x0000000002d9987b sp=0x000000000250ec40
Event: 41.235 Thread 0x000000000223e000 DEOPT UNPACKING pc=0x00000000028271bf sp=0x000000000250e9c0 mode 0


Dynamic libraries:
0x000000013f2e0000 - 0x000000013f317000 	C:\Program Files\Java\bin\java.exe
0x0000000076d00000 - 0x0000000076ea9000 	C:\Windows\SYSTEM32\ntdll.dll
0x0000000076be0000 - 0x0000000076cff000 	C:\Windows\system32\kernel32.dll
0x000007fefbc80000 - 0x000007fefbceb000 	C:\Windows\system32\KERNELBASE.dll
0x000007fefbcf0000 - 0x000007fefbdcb000 	C:\Windows\system32\ADVAPI32.dll
0x000007fefbe00000 - 0x000007fefbe9f000 	C:\Windows\system32\msvcrt.dll
0x000007fefd660000 - 0x000007fefd67f000 	C:\Windows\SYSTEM32\sechost.dll
0x000007fefdc10000 - 0x000007fefdd3d000 	C:\Windows\system32\RPCRT4.dll
0x0000000076ae0000 - 0x0000000076bda000 	C:\Windows\system32\USER32.dll
0x000007fefdd40000 - 0x000007fefdda7000 	C:\Windows\system32\GDI32.dll
0x000007fefdf60000 - 0x000007fefdf6e000 	C:\Windows\system32\LPK.dll
0x000007fefd8b0000 - 0x000007fefd979000 	C:\Windows\system32\USP10.dll
0x000007fefa370000 - 0x000007fefa564000 	C:\Windows\WinSxS\amd64_microsoft.windows.common-controls_6595b64144ccf1df_6.0.7601.17514_none_fa396087175ac9ac\COMCTL32.dll
0x000007fefcef0000 - 0x000007fefcf61000 	C:\Windows\system32\SHLWAPI.dll
0x000007fefbdd0000 - 0x000007fefbdfe000 	C:\Windows\system32\IMM32.DLL
0x000007fefd680000 - 0x000007fefd789000 	C:\Windows\system32\MSCTF.dll
0x0000000050e70000 - 0x0000000050f42000 	C:\Program Files\Java\jre\bin\msvcr100.dll
0x0000000077770000 - 0x0000000077ff9000 	C:\Program Files\Java\jre\bin\server\jvm.dll
0x000007feeff70000 - 0x000007feeff79000 	C:\Windows\system32\WSOCK32.dll
0x000007fefce40000 - 0x000007fefce8d000 	C:\Windows\system32\WS2_32.dll
0x000007fefdf70000 - 0x000007fefdf78000 	C:\Windows\system32\NSI.dll
0x000007fef9350000 - 0x000007fef938b000 	C:\Windows\system32\WINMM.dll
0x000007fefaa00000 - 0x000007fefaa0c000 	C:\Windows\system32\VERSION.dll
0x0000000076ec0000 - 0x0000000076ec7000 	C:\Windows\system32\PSAPI.DLL
0x0000000063fb0000 - 0x0000000063fbf000 	C:\Program Files\Java\jre\bin\verify.dll
0x000000005c810000 - 0x000000005c839000 	C:\Program Files\Java\jre\bin\java.dll
0x00000000638d0000 - 0x00000000638e6000 	C:\Program Files\Java\jre\bin\zip.dll
0x000007fefbea0000 - 0x000007fefcc28000 	C:\Windows\system32\SHELL32.dll
0x000007fefcc30000 - 0x000007fefce33000 	C:\Windows\system32\ole32.dll
0x000007fefb8c0000 - 0x000007fefb8cf000 	C:\Windows\system32\profapi.dll

VM Arguments:
jvm_args: -Djava.awt.headless=true -Xmx1024M -Dfile.encoding=windows-1251 -Duser.country=RU -Duser.language=ru -Duser.variant 
java_command: com.android.dx.command.Main --dex --force-jumbo --num-threads=4 --output D:\adroid\Salary\app\build\intermediates\pre-dexed\debug\com.android.support-appcompat-v7-23.4.0_01cba8ebc0e045dbba7f42144e89788ef9fb2541.jar D:\adroid\Salary\app\build\intermediates\exploded-aar\com.android.support\appcompat-v7\23.4.0\jars\classes.jar
java_class_path (initial): D:\adroid\sdk\sdk\build-tools\24.0.0-preview\lib\dx.jar
Launcher Type: SUN_STANDARD

Environment Variables:
PATH=C:\ProgramData\Oracle\Java\javapath;C:\Program Files (x86)\NVIDIA Corporation\PhysX\Common;C:\Windows\system32;C:\Windows;C:\Windows\System32\Wbem;C:\Windows\System32\WindowsPowerShell\v1.0\;C:\Program Files (x86)\Mozilla Firefox;C:\Program Files (x86)\NVIDIA Corporation\PhysX\Common;C:\Windows\system32;C:\Windows;C:\Windows\System32\Wbem;C:\Windows\System32\WindowsPowerShell\v1.0\
USERNAME=roma
OS=Windows_NT
PROCESSOR_IDENTIFIER=Intel64 Family 6 Model 23 Stepping 10, GenuineIntel



---------------  S Y S T E M  ---------------

OS: Windows 7 , 64 bit Build 7601 (6.1.7601.18229)

CPU:total 2 (2 cores per cpu, 1 threads per core) family 6 model 23 stepping 10, cmov, cx8, fxsr, mmx, sse, sse2, sse3, ssse3, tsc

Memory: 4k page, physical 4192752k(361716k free), swap 5239468k(5036k free)

vm_info: Java HotSpot(TM) 64-Bit Server VM (25.60-b23) for windows-amd64 JRE (1.8.0_60-b27), built on Aug  4 2015 11:06:27 by "java_re" with MS VC++ 10.0 (VS2010)

time: Wed Jun 08 15:36:09 2016
elapsed time: 41 seconds (0d 0h 0m 41s)

