#
# There is insufficient memory for the Java Runtime Environment to continue.
# Native memory allocation (malloc) failed to allocate 44592 bytes for Chunk::new
# Possible reasons:
#   The system is out of physical RAM or swap space
#   In 32 bit mode, the process size limit was hit
# Possible solutions:
#   Reduce memory load on the system
#   Increase physical memory or swap space
#   Check if swap backing store is full
#   Use 64 bit Java on a 64 bit OS
#   Decrease Java heap size (-Xmx/-Xms)
#   Decrease number of Java threads
#   Decrease Java thread stack sizes (-Xss)
#   Set larger code cache with -XX:ReservedCodeCacheSize=
# This output file may be truncated or incomplete.
#
#  Out of Memory Error (allocation.cpp:390), pid=2228, tid=5640
#
# JRE version: Java(TM) SE Runtime Environment (8.0_60-b27) (build 1.8.0_60-b27)
# Java VM: Java HotSpot(TM) 64-Bit Server VM (25.60-b23 mixed mode windows-amd64 compressed oops)
# Failed to write core dump. Minidumps are not enabled by default on client versions of Windows
#

---------------  T H R E A D  ---------------

Current thread (0x0000000015098000):  JavaThread "C2 CompilerThread0" daemon [_thread_in_native, id=5640, stack(0x0000000016140000,0x0000000016240000)]

Stack: [0x0000000016140000,0x0000000016240000]
[error occurred during error reporting (printing stack bounds), id 0xc0000005]

Native frames: (J=compiled Java code, j=interpreted, Vv=VM code, C=native code)


Current CompileTask:
C2:  31407 2489       4       com.android.dx.ssa.back.LivenessAnalyzer::constructInterferenceGraph (47 bytes)


---------------  P R O C E S S  ---------------

Java Threads: ( => current thread )
  0x00000000166a8000 JavaThread "pool-1-thread-4" [_thread_in_Java, id=3036, stack(0x0000000017080000,0x0000000017180000)]
  0x00000000166a7000 JavaThread "pool-1-thread-3" [_thread_blocked, id=6108, stack(0x0000000016ee0000,0x0000000016fe0000)]
  0x00000000166a4000 JavaThread "pool-1-thread-2" [_thread_blocked, id=5212, stack(0x0000000016d20000,0x0000000016e20000)]
  0x0000000016691800 JavaThread "pool-2-thread-1" [_thread_blocked, id=2948, stack(0x0000000016880000,0x0000000016980000)]
  0x000000001668f800 JavaThread "pool-1-thread-1" [_thread_blocked, id=2740, stack(0x0000000016b20000,0x0000000016c20000)]
  0x00000000150f7800 JavaThread "Service Thread" daemon [_thread_blocked, id=2144, stack(0x0000000016350000,0x0000000016450000)]
  0x00000000150f5000 JavaThread "C1 CompilerThread1" daemon [_thread_blocked, id=5624, stack(0x0000000015e30000,0x0000000015f30000)]
=>0x0000000015098000 JavaThread "C2 CompilerThread0" daemon [_thread_in_native, id=5640, stack(0x0000000016140000,0x0000000016240000)]
  0x0000000015096800 JavaThread "Attach Listener" daemon [_thread_blocked, id=3008, stack(0x0000000016030000,0x0000000016130000)]
  0x00000000150a1000 JavaThread "Signal Dispatcher" daemon [_thread_blocked, id=5312, stack(0x0000000015f30000,0x0000000016030000)]
  0x000000001503b800 JavaThread "Finalizer" daemon [_thread_blocked, id=1332, stack(0x0000000015a10000,0x0000000015b10000)]
  0x0000000015032800 JavaThread "Reference Handler" daemon [_thread_blocked, id=3792, stack(0x0000000015cc0000,0x0000000015dc0000)]
  0x000000000243e000 JavaThread "main" [_thread_blocked, id=3080, stack(0x0000000002700000,0x0000000002800000)]

Other Threads:
  0x000000001502c800 VMThread [stack: 0x0000000015b20000,0x0000000015c20000] [id=3676]
  0x000000001645a800 WatcherThread [stack: 0x0000000016a10000,0x0000000016b10000] [id=4744]

VM state:not at safepoint (normal execution)

VM Mutex/Monitor currently owned by a thread:  ([mutex/lock_event])
[0x000000000243c3c0] Heap_lock - owner thread: 0x00000000166a7000

Heap:
 PSYoungGen      total 68096K, used 3208K [0x00000000eab00000, 0x00000000f2480000, 0x0000000100000000)
  eden space 65536K, 0% used [0x00000000eab00000,0x00000000eaba2e20,0x00000000eeb00000)
  from space 2560K, 99% used [0x00000000eeb00000,0x00000000eed7f238,0x00000000eed80000)
  to   space 14848K, 0% used [0x00000000f1600000,0x00000000f1600000,0x00000000f2480000)
 ParOldGen       total 72192K, used 39501K [0x00000000c0000000, 0x00000000c4680000, 0x00000000eab00000)
  object space 72192K, 54% used [0x00000000c0000000,0x00000000c2693648,0x00000000c4680000)
 Metaspace       used 6438K, capacity 7192K, committed 7424K, reserved 1056768K
  class space    used 621K, capacity 656K, committed 768K, reserved 1048576K

Card table byte_map: [0x0000000011e90000,0x00000000120a0000] byte_map_base: 0x0000000011890000

Marking Bits: (ParMarkBitMap*) 0x0000000077f7a5b0
 Begin Bits: [0x0000000012500000, 0x0000000013500000)
 End Bits:   [0x0000000013500000, 0x0000000014500000)

Polling page: 0x0000000000130000

CodeCache: size=245760Kb used=8610Kb max_used=9439Kb free=237149Kb
 bounds [0x0000000002ad0000, 0x0000000003410000, 0x0000000011ad0000]
 total_blobs=2126 nmethods=1860 adapters=180
 compilation: enabled

Compilation events (10 events):
Event: 29.512 Thread 0x0000000015098000 nmethod 2480 0x0000000002d83250 code [0x0000000002d83380, 0x0000000002d833f8]
Event: 29.512 Thread 0x0000000015098000 2482       4       com.android.dx.ssa.ConstCollector::updateConstUses (248 bytes)
Event: 29.533 Thread 0x00000000150f5000 2488   !   3       com.android.dx.cf.code.ExecutionStack::change (116 bytes)
Event: 29.535 Thread 0x00000000150f5000 nmethod 2488 0x0000000003212dd0 code [0x0000000003213140, 0x0000000003214d38]
Event: 30.372 Thread 0x0000000015098000 nmethod 2482 0x0000000003023cd0 code [0x00000000030241a0, 0x00000000030276a0]
Event: 30.373 Thread 0x0000000015098000 2486       4       com.android.dx.dex.code.RopTranslator::pickOrder (400 bytes)
Event: 30.430 Thread 0x0000000015098000 nmethod 2486 0x0000000002de0b50 code [0x0000000002de0d80, 0x0000000002de23f0]
Event: 30.430 Thread 0x0000000015098000 2483       4       java.util.BitSet::checkRange (104 bytes)
Event: 30.431 Thread 0x0000000015098000 nmethod 2483 0x0000000002de08d0 code [0x0000000002de0a00, 0x0000000002de0a98]
Event: 31.382 Thread 0x0000000015098000 2489       4       com.android.dx.ssa.back.LivenessAnalyzer::constructInterferenceGraph (47 bytes)

GC Heap History (10 events):
Event: 11.288 GC heap before
{Heap before GC invocations=4 (full 0):
 PSYoungGen      total 35328K, used 35302K [0x00000000eab00000, 0x00000000ef000000, 0x0000000100000000)
  eden space 32768K, 100% used [0x00000000eab00000,0x00000000ecb00000,0x00000000ecb00000)
  from space 2560K, 99% used [0x00000000ecb00000,0x00000000ecd79b08,0x00000000ecd80000)
  to   space 2560K, 0% used [0x00000000eed80000,0x00000000eed80000,0x00000000ef000000)
 ParOldGen       total 44032K, used 7651K [0x00000000c0000000, 0x00000000c2b00000, 0x00000000eab00000)
  object space 44032K, 17% used [0x00000000c0000000,0x00000000c0778d08,0x00000000c2b00000)
 Metaspace       used 6197K, capacity 7088K, committed 7296K, reserved 1056768K
  class space    used 600K, capacity 616K, committed 640K, reserved 1048576K
Event: 11.364 GC heap after
Heap after GC invocations=4 (full 0):
 PSYoungGen      total 68096K, used 2534K [0x00000000eab00000, 0x00000000ef000000, 0x0000000100000000)
  eden space 65536K, 0% used [0x00000000eab00000,0x00000000eab00000,0x00000000eeb00000)
  from space 2560K, 99% used [0x00000000eed80000,0x00000000eeff9b08,0x00000000ef000000)
  to   space 2560K, 0% used [0x00000000eeb00000,0x00000000eeb00000,0x00000000eed80000)
 ParOldGen       total 44032K, used 12468K [0x00000000c0000000, 0x00000000c2b00000, 0x00000000eab00000)
  object space 44032K, 28% used [0x00000000c0000000,0x00000000c0c2d178,0x00000000c2b00000)
 Metaspace       used 6197K, capacity 7088K, committed 7296K, reserved 1056768K
  class space    used 600K, capacity 616K, committed 640K, reserved 1048576K
}
Event: 17.412 GC heap before
{Heap before GC invocations=5 (full 0):
 PSYoungGen      total 68096K, used 68070K [0x00000000eab00000, 0x00000000ef000000, 0x0000000100000000)
  eden space 65536K, 100% used [0x00000000eab00000,0x00000000eeb00000,0x00000000eeb00000)
  from space 2560K, 99% used [0x00000000eed80000,0x00000000eeff9b08,0x00000000ef000000)
  to   space 2560K, 0% used [0x00000000eeb00000,0x00000000eeb00000,0x00000000eed80000)
 ParOldGen       total 44032K, used 12468K [0x00000000c0000000, 0x00000000c2b00000, 0x00000000eab00000)
  object space 44032K, 28% used [0x00000000c0000000,0x00000000c0c2d178,0x00000000c2b00000)
 Metaspace       used 6266K, capacity 7152K, committed 7296K, reserved 1056768K
  class space    used 600K, capacity 616K, committed 640K, reserved 1048576K
Event: 17.885 GC heap after
Heap after GC invocations=5 (full 0):
 PSYoungGen      total 68096K, used 2534K [0x00000000eab00000, 0x00000000ef000000, 0x0000000100000000)
  eden space 65536K, 0% used [0x00000000eab00000,0x00000000eab00000,0x00000000eeb00000)
  from space 2560K, 99% used [0x00000000eeb00000,0x00000000eed79b08,0x00000000eed80000)
  to   space 2560K, 0% used [0x00000000eed80000,0x00000000eed80000,0x00000000ef000000)
 ParOldGen       total 44032K, used 22307K [0x00000000c0000000, 0x00000000c2b00000, 0x00000000eab00000)
  object space 44032K, 50% used [0x00000000c0000000,0x00000000c15c8d58,0x00000000c2b00000)
 Metaspace       used 6266K, capacity 7152K, committed 7296K, reserved 1056768K
  class space    used 600K, capacity 616K, committed 640K, reserved 1048576K
}
Event: 21.184 GC heap before
{Heap before GC invocations=6 (full 0):
 PSYoungGen      total 68096K, used 68070K [0x00000000eab00000, 0x00000000ef000000, 0x0000000100000000)
  eden space 65536K, 100% used [0x00000000eab00000,0x00000000eeb00000,0x00000000eeb00000)
  from space 2560K, 99% used [0x00000000eeb00000,0x00000000eed79b08,0x00000000eed80000)
  to   space 2560K, 0% used [0x00000000eed80000,0x00000000eed80000,0x00000000ef000000)
 ParOldGen       total 44032K, used 22307K [0x00000000c0000000, 0x00000000c2b00000, 0x00000000eab00000)
  object space 44032K, 50% used [0x00000000c0000000,0x00000000c15c8d58,0x00000000c2b00000)
 Metaspace       used 6380K, capacity 7192K, committed 7424K, reserved 1056768K
  class space    used 621K, capacity 656K, committed 768K, reserved 1048576K
Event: 21.250 GC heap after
Heap after GC invocations=6 (full 0):
 PSYoungGen      total 68096K, used 2534K [0x00000000eab00000, 0x00000000ef000000, 0x0000000100000000)
  eden space 65536K, 0% used [0x00000000eab00000,0x00000000eab00000,0x00000000eeb00000)
  from space 2560K, 99% used [0x00000000eed80000,0x00000000eeff9b08,0x00000000ef000000)
  to   space 2560K, 0% used [0x00000000eeb00000,0x00000000eeb00000,0x00000000eed80000)
 ParOldGen       total 44032K, used 31834K [0x00000000c0000000, 0x00000000c2b00000, 0x00000000eab00000)
  object space 44032K, 72% used [0x00000000c0000000,0x00000000c1f168e8,0x00000000c2b00000)
 Metaspace       used 6380K, capacity 7192K, committed 7424K, reserved 1056768K
  class space    used 621K, capacity 656K, committed 768K, reserved 1048576K
}
Event: 21.250 GC heap before
{Heap before GC invocations=7 (full 1):
 PSYoungGen      total 68096K, used 2534K [0x00000000eab00000, 0x00000000ef000000, 0x0000000100000000)
  eden space 65536K, 0% used [0x00000000eab00000,0x00000000eab00000,0x00000000eeb00000)
  from space 2560K, 99% used [0x00000000eed80000,0x00000000eeff9b08,0x00000000ef000000)
  to   space 2560K, 0% used [0x00000000eeb00000,0x00000000eeb00000,0x00000000eed80000)
 ParOldGen       total 44032K, used 31834K [0x00000000c0000000, 0x00000000c2b00000, 0x00000000eab00000)
  object space 44032K, 72% used [0x00000000c0000000,0x00000000c1f168e8,0x00000000c2b00000)
 Metaspace       used 6380K, capacity 7192K, committed 7424K, reserved 1056768K
  class space    used 621K, capacity 656K, committed 768K, reserved 1048576K
Event: 22.574 GC heap after
Heap after GC invocations=7 (full 1):
 PSYoungGen      total 68096K, used 0K [0x00000000eab00000, 0x00000000ef000000, 0x0000000100000000)
  eden space 65536K, 0% used [0x00000000eab00000,0x00000000eab00000,0x00000000eeb00000)
  from space 2560K, 0% used [0x00000000eed80000,0x00000000eed80000,0x00000000ef000000)
  to   space 2560K, 0% used [0x00000000eeb00000,0x00000000eeb00000,0x00000000eed80000)
 ParOldGen       total 72192K, used 32384K [0x00000000c0000000, 0x00000000c4680000, 0x00000000eab00000)
  object space 72192K, 44% used [0x00000000c0000000,0x00000000c1fa0088,0x00000000c4680000)
 Metaspace       used 6380K, capacity 7192K, committed 7424K, reserved 1056768K
  class space    used 621K, capacity 656K, committed 768K, reserved 1048576K
}
Event: 30.482 GC heap before
{Heap before GC invocations=8 (full 1):
 PSYoungGen      total 68096K, used 65536K [0x00000000eab00000, 0x00000000ef000000, 0x0000000100000000)
  eden space 65536K, 100% used [0x00000000eab00000,0x00000000eeb00000,0x00000000eeb00000)
  from space 2560K, 0% used [0x00000000eed80000,0x00000000eed80000,0x00000000ef000000)
  to   space 2560K, 0% used [0x00000000eeb00000,0x00000000eeb00000,0x00000000eed80000)
 ParOldGen       total 72192K, used 32384K [0x00000000c0000000, 0x00000000c4680000, 0x00000000eab00000)
  object space 72192K, 44% used [0x00000000c0000000,0x00000000c1fa0088,0x00000000c4680000)
 Metaspace       used 6438K, capacity 7192K, committed 7424K, reserved 1056768K
  class space    used 621K, capacity 656K, committed 768K, reserved 1048576K
Event: 31.377 GC heap after
Heap after GC invocations=8 (full 1):
 PSYoungGen      total 68096K, used 2556K [0x00000000eab00000, 0x00000000f2480000, 0x0000000100000000)
  eden space 65536K, 0% used [0x00000000eab00000,0x00000000eab00000,0x00000000eeb00000)
  from space 2560K, 99% used [0x00000000eeb00000,0x00000000eed7f238,0x00000000eed80000)
  to   space 14848K, 0% used [0x00000000f1600000,0x00000000f1600000,0x00000000f2480000)
 ParOldGen       total 72192K, used 39501K [0x00000000c0000000, 0x00000000c4680000, 0x00000000eab00000)
  object space 72192K, 54% used [0x00000000c0000000,0x00000000c2693648,0x00000000c4680000)
 Metaspace       used 6438K, capacity 7192K, committed 7424K, reserved 1056768K
  class space    used 621K, capacity 656K, committed 768K, reserved 1048576K
}

Deoptimization events (10 events):
Event: 20.581 Thread 0x00000000166a8000 Uncommon trap: reason=bimorphic action=maybe_recompile pc=0x0000000003033724 method=com.android.dx.cf.code.BytecodeArray.parseInstruction(ILcom/android/dx/cf/code/BytecodeArray$Visitor;)I @ 2484
Event: 20.581 Thread 0x00000000166a8000 Uncommon trap: reason=bimorphic action=maybe_recompile pc=0x0000000003033724 method=com.android.dx.cf.code.BytecodeArray.parseInstruction(ILcom/android/dx/cf/code/BytecodeArray$Visitor;)I @ 2484
Event: 22.626 Thread 0x00000000166a7000 Uncommon trap: reason=unstable_if action=reinterpret pc=0x0000000002ea8adc method=java.util.HashMap.putVal(ILjava/lang/Object;Ljava/lang/Object;ZZ)Ljava/lang/Object; @ 162
Event: 22.627 Thread 0x00000000166a7000 Uncommon trap: reason=unstable_if action=reinterpret pc=0x0000000003222e10 method=java.util.HashMap.resize()[Ljava/util/HashMap$Node; @ 206
Event: 26.146 Thread 0x00000000166a7000 Uncommon trap: reason=unstable_if action=reinterpret pc=0x0000000002d57cbc method=java.util.HashMap.putVal(ILjava/lang/Object;Ljava/lang/Object;ZZ)Ljava/lang/Object; @ 109
Event: 26.146 Thread 0x00000000166a7000 Uncommon trap: reason=unstable_if action=reinterpret pc=0x0000000002cf7d1c method=java.util.HashMap.getNode(ILjava/lang/Object;)Ljava/util/HashMap$Node; @ 84
Event: 29.039 Thread 0x00000000166a4000 Uncommon trap: reason=unstable_if action=reinterpret pc=0x00000000031a9904 method=com.android.dx.ssa.SCCP.simulateBranch(Lcom/android/dx/ssa/SsaInsn;)V @ 548
Event: 29.045 Thread 0x00000000166a4000 Uncommon trap: reason=unstable_if action=reinterpret pc=0x000000000318ef88 method=com.android.dx.ssa.SCCP.replaceBranches()V @ 14
Event: 29.532 Thread 0x00000000166a7000 Uncommon trap: reason=class_check action=maybe_recompile pc=0x0000000002c95810 method=com.android.dx.ssa.back.FirstFitLocalCombiningAllocator.findNextUnreservedRopReg(IILcom/android/dx/ssa/back/FirstFitLocalCombiningAllocator$Alignment;)I @ 60
Event: 29.532 Thread 0x00000000166a7000 Uncommon trap: reason=class_check action=maybe_recompile pc=0x0000000002c95810 method=com.android.dx.ssa.back.FirstFitLocalCombiningAllocator.findNextUnreservedRopReg(IILcom/android/dx/ssa/back/FirstFitLocalCombiningAllocator$Alignment;)I @ 60

Internal exceptions (6 events):
Event: 0.204 Thread 0x000000000243e000 Exception <a 'java/lang/NoSuchMethodError': Method sun.misc.Unsafe.defineClass(Ljava/lang/String;[BII)Ljava/lang/Class; name or signature does not match> (0x00000000eab13060) thrown at [C:\re\workspace\8-2-build-windows-amd64-cygwin\jdk8u60\4407\hotspot\sr¿b"U% ?
Event: 0.204 Thread 0x000000000243e000 Exception <a 'java/lang/NoSuchMethodError': Method sun.misc.Unsafe.prefetchRead(Ljava/lang/Object;J)V name or signature does not match> (0x00000000eab13348) thrown at [C:\re\workspace\8-2-build-windows-amd64-cygwin\jdk8u60\4407\hotspot\src\share\vm\prims\jÜT™Å@
Event: 3.688 Thread 0x000000001668f800 Implicit null exception at 0x0000000002e45058 to 0x0000000002e46fa1
Event: 19.153 Thread 0x00000000166a8000 Exception <a 'java/lang/ArrayIndexOutOfBoundsException': 18> (0x00000000eaf87a00) thrown at [C:\re\workspace\8-2-build-windows-amd64-cygwin\jdk8u60\4407\hotspot\src\share\vm\interpreter\interpreterRuntime.cpp, line 366]
Event: 19.154 Thread 0x00000000166a8000 Exception <a 'java/lang/ArrayIndexOutOfBoundsException': 145> (0x00000000eaf89580) thrown at [C:\re\workspace\8-2-build-windows-amd64-cygwin\jdk8u60\4407\hotspot\src\share\vm\interpreter\interpreterRuntime.cpp, line 366]
Event: 19.157 Thread 0x00000000166a8000 Exception <a 'java/lang/ArrayIndexOutOfBoundsException'> (0x00000000eaf8a868) thrown at [C:\re\workspace\8-2-build-windows-amd64-cygwin\jdk8u60\4407\hotspot\src\share\vm\runtime\sharedRuntime.cpp, line 605]

Events (10 events):
Event: 29.045 Thread 0x00000000166a4000 DEOPT PACKING pc=0x000000000318ef88 sp=0x0000000016e1efb0
Event: 29.045 Thread 0x00000000166a4000 DEOPT UNPACKING pc=0x0000000002b1556a sp=0x0000000016e1ef48 mode 2
Event: 29.532 Thread 0x00000000166a7000 Uncommon trap: trap_request=0xffffffde fr.pc=0x0000000002c95810
Event: 29.532 Thread 0x00000000166a7000 DEOPT PACKING pc=0x0000000002c95810 sp=0x0000000016fdec70
Event: 29.532 Thread 0x00000000166a7000 DEOPT UNPACKING pc=0x0000000002b1556a sp=0x0000000016fdebf8 mode 2
Event: 29.532 Thread 0x00000000166a7000 Uncommon trap: trap_request=0xffffffde fr.pc=0x0000000002c95810
Event: 29.532 Thread 0x00000000166a7000 DEOPT PACKING pc=0x0000000002c95810 sp=0x0000000016fdec70
Event: 29.532 Thread 0x00000000166a7000 DEOPT UNPACKING pc=0x0000000002b1556a sp=0x0000000016fdebf8 mode 2
Event: 30.482 Executing VM operation: ParallelGCFailedAllocation
Event: 31.377 Executing VM operation: ParallelGCFailedAllocation done


Dynamic libraries:
0x000000013f2e0000 - 0x000000013f317000 	C:\Program Files\Java\bin\java.exe
0x0000000076d00000 - 0x0000000076ea9000 	C:\Windows\SYSTEM32\ntdll.dll
0x0000000076be0000 - 0x0000000076cff000 	C:\Windows\system32\kernel32.dll
0x000007fefbc80000 - 0x000007fefbceb000 	C:\Windows\system32\KERNELBASE.dll
0x000007fefbcf0000 - 0x000007fefbdcb000 	C:\Windows\system32\ADVAPI32.dll
0x000007fefbe00000 - 0x000007fefbe9f000 	C:\Windows\system32\msvcrt.dll
0x000007fefd660000 - 0x000007fefd67f000 	C:\Windows\SYSTEM32\sechost.dll
0x000007fefdc10000 - 0x000007fefdd3d000 	C:\Windows\system32\RPCRT4.dll
0x0000000076ae0000 - 0x0000000076bda000 	C:\Windows\system32\USER32.dll
0x000007fefdd40000 - 0x000007fefdda7000 	C:\Windows\system32\GDI32.dll
0x000007fefdf60000 - 0x000007fefdf6e000 	C:\Windows\system32\LPK.dll
0x000007fefd8b0000 - 0x000007fefd979000 	C:\Windows\system32\USP10.dll
0x000007fefa370000 - 0x000007fefa564000 	C:\Windows\WinSxS\amd64_microsoft.windows.common-controls_6595b64144ccf1df_6.0.7601.17514_none_fa396087175ac9ac\COMCTL32.dll
0x000007fefcef0000 - 0x000007fefcf61000 	C:\Windows\system32\SHLWAPI.dll
0x000007fefbdd0000 - 0x000007fefbdfe000 	C:\Windows\system32\IMM32.DLL
0x000007fefd680000 - 0x000007fefd789000 	C:\Windows\system32\MSCTF.dll
0x0000000050e70000 - 0x0000000050f42000 	C:\Program Files\Java\jre\bin\msvcr100.dll
0x0000000077770000 - 0x0000000077ff9000 	C:\Program Files\Java\jre\bin\server\jvm.dll
0x000007feeff70000 - 0x000007feeff79000 	C:\Windows\system32\WSOCK32.dll
0x000007fefce40000 - 0x000007fefce8d000 	C:\Windows\system32\WS2_32.dll
0x000007fefdf70000 - 0x000007fefdf78000 	C:\Windows\system32\NSI.dll
0x000007fef9350000 - 0x000007fef938b000 	C:\Windows\system32\WINMM.dll
0x000007fefaa00000 - 0x000007fefaa0c000 	C:\Windows\system32\VERSION.dll
0x0000000076ec0000 - 0x0000000076ec7000 	C:\Windows\system32\PSAPI.DLL
0x0000000063fb0000 - 0x0000000063fbf000 	C:\Program Files\Java\jre\bin\verify.dll
0x000000005c810000 - 0x000000005c839000 	C:\Program Files\Java\jre\bin\java.dll
0x00000000638d0000 - 0x00000000638e6000 	C:\Program Files\Java\jre\bin\zip.dll
0x000007fefbea0000 - 0x000007fefcc28000 	C:\Windows\system32\SHELL32.dll
0x000007fefcc30000 - 0x000007fefce33000 	C:\Windows\system32\ole32.dll
0x000007fefb8c0000 - 0x000007fefb8cf000 	C:\Windows\system32\profapi.dll

VM Arguments:
jvm_args: -Djava.awt.headless=true -Xmx1024M -Dfile.encoding=windows-1251 -Duser.country=RU -Duser.language=ru -Duser.variant 
java_command: com.android.dx.command.Main --dex --force-jumbo --num-threads=4 --output D:\adroid\Salary\app\build\intermediates\pre-dexed\debug\com.android.support-appcompat-v7-23.4.0_01cba8ebc0e045dbba7f42144e89788ef9fb2541.jar D:\adroid\Salary\app\build\intermediates\exploded-aar\com.android.support\appcompat-v7\23.4.0\jars\classes.jar
java_class_path (initial): D:\adroid\sdk\sdk\build-tools\24.0.0-preview\lib\dx.jar
Launcher Type: SUN_STANDARD

Environment Variables:
PATH=C:\ProgramData\Oracle\Java\javapath;C:\Program Files (x86)\NVIDIA Corporation\PhysX\Common;C:\Windows\system32;C:\Windows;C:\Windows\System32\Wbem;C:\Windows\System32\WindowsPowerShell\v1.0\;C:\Program Files (x86)\Mozilla Firefox;C:\Program Files (x86)\NVIDIA Corporation\PhysX\Common;C:\Windows\system32;C:\Windows;C:\Windows\System32\Wbem;C:\Windows\System32\WindowsPowerShell\v1.0\
USERNAME=roma
OS=Windows_NT
PROCESSOR_IDENTIFIER=Intel64 Family 6 Model 23 Stepping 10, GenuineIntel



---------------  S Y S T E M  ---------------

OS: Windows 7 , 64 bit Build 7601 (6.1.7601.18229)

CPU:total 2 (2 cores per cpu, 1 threads per core) family 6 model 23 stepping 10, cmov, cx8, fxsr, mmx, sse, sse2, sse3, ssse3, tsc

Memory: 4k page, physical 4192752k(399968k free), swap 5239468k(5116k free)

vm_info: Java HotSpot(TM) 64-Bit Server VM (25.60-b23) for windows-amd64 JRE (1.8.0_60-b27), built on Aug  4 2015 11:06:27 by "java_re" with MS VC++ 10.0 (VS2010)

time: Wed Jun 08 15:34:19 2016
elapsed time: 31 seconds (0d 0h 0m 31s)

