#
# There is insufficient memory for the Java Runtime Environment to continue.
# Native memory allocation (malloc) failed to allocate 1019216 bytes for Chunk::new
# Possible reasons:
#   The system is out of physical RAM or swap space
#   In 32 bit mode, the process size limit was hit
# Possible solutions:
#   Reduce memory load on the system
#   Increase physical memory or swap space
#   Check if swap backing store is full
#   Use 64 bit Java on a 64 bit OS
#   Decrease Java heap size (-Xmx/-Xms)
#   Decrease number of Java threads
#   Decrease Java thread stack sizes (-Xss)
#   Set larger code cache with -XX:ReservedCodeCacheSize=
# This output file may be truncated or incomplete.
#
#  Out of Memory Error (allocation.cpp:390), pid=2236, tid=3088
#
# JRE version: Java(TM) SE Runtime Environment (8.0_60-b27) (build 1.8.0_60-b27)
# Java VM: Java HotSpot(TM) 64-Bit Server VM (25.60-b23 mixed mode windows-amd64 compressed oops)
# Failed to write core dump. Minidumps are not enabled by default on client versions of Windows
#

---------------  T H R E A D  ---------------

Current thread (0x0000000014d14800):  JavaThread "C2 CompilerThread0" daemon [_thread_in_native, id=3088, stack(0x0000000016030000,0x0000000016130000)]

Stack: [0x0000000016030000,0x0000000016130000]
[error occurred during error reporting (printing stack bounds), id 0xc0000005]

Native frames: (J=compiled Java code, j=interpreted, Vv=VM code, C=native code)


Current CompileTask:
C2:  34282 2235   !   4       com.android.dx.cf.code.Ropper::processBlock (1101 bytes)


---------------  P R O C E S S  ---------------

Java Threads: ( => current thread )
  0x000000001664e800 JavaThread "pool-1-thread-4" [_thread_blocked, id=4796, stack(0x0000000016a90000,0x0000000016b90000)]
  0x000000001664d000 JavaThread "pool-1-thread-3" [_thread_blocked, id=5968, stack(0x0000000016d00000,0x0000000016e00000)]
  0x0000000016645000 JavaThread "pool-1-thread-2" [_thread_blocked, id=5688, stack(0x0000000016b90000,0x0000000016c90000)]
  0x0000000016640000 JavaThread "pool-2-thread-1" [_thread_blocked, id=4852, stack(0x0000000016910000,0x0000000016a10000)]
  0x0000000016653800 JavaThread "pool-1-thread-1" [_thread_blocked, id=4300, stack(0x0000000015d00000,0x0000000015e00000)]
  0x0000000014d7c000 JavaThread "Service Thread" daemon [_thread_blocked, id=2348, stack(0x0000000016320000,0x0000000016420000)]
  0x0000000014d1c800 JavaThread "C1 CompilerThread1" daemon [_thread_blocked, id=4328, stack(0x0000000016210000,0x0000000016310000)]
=>0x0000000014d14800 JavaThread "C2 CompilerThread0" daemon [_thread_in_native, id=3088, stack(0x0000000016030000,0x0000000016130000)]
  0x0000000014d13000 JavaThread "Attach Listener" daemon [_thread_blocked, id=5612, stack(0x0000000015e90000,0x0000000015f90000)]
  0x0000000014d21800 JavaThread "Signal Dispatcher" daemon [_thread_blocked, id=5972, stack(0x0000000015c00000,0x0000000015d00000)]
  0x0000000014cbb800 JavaThread "Finalizer" daemon [_thread_blocked, id=1784, stack(0x0000000015a00000,0x0000000015b00000)]
  0x0000000014cb2800 JavaThread "Reference Handler" daemon [_thread_blocked, id=2076, stack(0x00000000158c0000,0x00000000159c0000)]
  0x000000000027e000 JavaThread "main" [_thread_blocked, id=4804, stack(0x0000000002420000,0x0000000002520000)]

Other Threads:
  0x0000000014cad000 VMThread [stack: 0x00000000156e0000,0x00000000157e0000] [id=4372]
  0x0000000016422800 WatcherThread [stack: 0x0000000015b00000,0x0000000015c00000] [id=5492]

VM state:not at safepoint (normal execution)

VM Mutex/Monitor currently owned by a thread: None

Heap:
 PSYoungGen      total 73216K, used 63604K [0x00000000eab00000, 0x00000000efe00000, 0x0000000100000000)
  eden space 64512K, 85% used [0x00000000eab00000,0x00000000ee0a3a58,0x00000000eea00000)
  from space 8704K, 99% used [0x00000000ef380000,0x00000000efbf95d0,0x00000000efc00000)
  to   space 9728K, 0% used [0x00000000eea00000,0x00000000eea00000,0x00000000ef380000)
 ParOldGen       total 44032K, used 31554K [0x00000000c0000000, 0x00000000c2b00000, 0x00000000eab00000)
  object space 44032K, 71% used [0x00000000c0000000,0x00000000c1ed0a00,0x00000000c2b00000)
 Metaspace       used 6512K, capacity 7256K, committed 7424K, reserved 1056768K
  class space    used 622K, capacity 656K, committed 768K, reserved 1048576K

Card table byte_map: [0x0000000011bb0000,0x0000000011dc0000] byte_map_base: 0x00000000115b0000

Marking Bits: (ParMarkBitMap*) 0x0000000077f7a5b0
 Begin Bits: [0x0000000012180000, 0x0000000013180000)
 End Bits:   [0x0000000013180000, 0x0000000014180000)

Polling page: 0x0000000000230000

CodeCache: size=245760Kb used=9162Kb max_used=10641Kb free=236597Kb
 bounds [0x00000000027f0000, 0x0000000003260000, 0x00000000117f0000]
 total_blobs=2173 nmethods=1907 adapters=180
 compilation: enabled

Compilation events (10 events):
Event: 31.750 Thread 0x0000000014d1c800 2334       2       com.android.dx.ssa.SsaBasicBlock::getLiveOutRegs (26 bytes)
Event: 31.751 Thread 0x0000000014d1c800 nmethod 2334 0x00000000029748d0 code [0x0000000002974a40, 0x0000000002974d28]
Event: 31.776 Thread 0x0000000014d1c800 2335       2       com.android.dx.dex.file.AnnotationUtils::makeCstArray (57 bytes)
Event: 31.777 Thread 0x0000000014d1c800 nmethod 2335 0x0000000002998f10 code [0x0000000002999100, 0x00000000029997d8]
Event: 31.865 Thread 0x0000000014d1c800 2337       2       com.android.dx.dex.cf.AttributeTranslator::translateEnclosingMethod (50 bytes)
Event: 31.866 Thread 0x0000000014d1c800 nmethod 2337 0x0000000002a51610 code [0x0000000002a51800, 0x0000000002a51d68]
Event: 31.867 Thread 0x0000000014d1c800 2338       2       com.android.dx.cf.code.Ropper::getNormalRegCount (13 bytes)
Event: 31.867 Thread 0x0000000014d1c800 nmethod 2338 0x0000000002908690 code [0x00000000029087e0, 0x0000000002908950]
Event: 33.659 Thread 0x0000000014d1c800 2339       2       com.android.dx.rop.code.Rops::opIfLt (13 bytes)
Event: 33.659 Thread 0x0000000014d1c800 nmethod 2339 0x0000000002984f90 code [0x0000000002985100, 0x0000000002985288]

GC Heap History (10 events):
Event: 3.013 GC heap before
{Heap before GC invocations=4 (full 0):
 PSYoungGen      total 18944K, used 18914K [0x00000000eab00000, 0x00000000ed000000, 0x0000000100000000)
  eden space 16384K, 100% used [0x00000000eab00000,0x00000000ebb00000,0x00000000ebb00000)
  from space 2560K, 98% used [0x00000000ebb00000,0x00000000ebd78b60,0x00000000ebd80000)
  to   space 2560K, 0% used [0x00000000ecd80000,0x00000000ecd80000,0x00000000ed000000)
 ParOldGen       total 44032K, used 4089K [0x00000000c0000000, 0x00000000c2b00000, 0x00000000eab00000)
  object space 44032K, 9% used [0x00000000c0000000,0x00000000c03fe738,0x00000000c2b00000)
 Metaspace       used 6178K, capacity 7088K, committed 7296K, reserved 1056768K
  class space    used 600K, capacity 616K, committed 640K, reserved 1048576K
Event: 3.060 GC heap after
Heap after GC invocations=4 (full 0):
 PSYoungGen      total 35328K, used 2530K [0x00000000eab00000, 0x00000000ed000000, 0x0000000100000000)
  eden space 32768K, 0% used [0x00000000eab00000,0x00000000eab00000,0x00000000ecb00000)
  from space 2560K, 98% used [0x00000000ecd80000,0x00000000ecff8b60,0x00000000ed000000)
  to   space 2560K, 0% used [0x00000000ecb00000,0x00000000ecb00000,0x00000000ecd80000)
 ParOldGen       total 44032K, used 6694K [0x00000000c0000000, 0x00000000c2b00000, 0x00000000eab00000)
  object space 44032K, 15% used [0x00000000c0000000,0x00000000c06899c0,0x00000000c2b00000)
 Metaspace       used 6178K, capacity 7088K, committed 7296K, reserved 1056768K
  class space    used 600K, capacity 616K, committed 640K, reserved 1048576K
}
Event: 3.937 GC heap before
{Heap before GC invocations=5 (full 0):
 PSYoungGen      total 35328K, used 35298K [0x00000000eab00000, 0x00000000ed000000, 0x0000000100000000)
  eden space 32768K, 100% used [0x00000000eab00000,0x00000000ecb00000,0x00000000ecb00000)
  from space 2560K, 98% used [0x00000000ecd80000,0x00000000ecff8b60,0x00000000ed000000)
  to   space 2560K, 0% used [0x00000000ecb00000,0x00000000ecb00000,0x00000000ecd80000)
 ParOldGen       total 44032K, used 6694K [0x00000000c0000000, 0x00000000c2b00000, 0x00000000eab00000)
  object space 44032K, 15% used [0x00000000c0000000,0x00000000c06899c0,0x00000000c2b00000)
 Metaspace       used 6197K, capacity 7088K, committed 7296K, reserved 1056768K
  class space    used 600K, capacity 616K, committed 640K, reserved 1048576K
Event: 3.992 GC heap after
Heap after GC invocations=5 (full 0):
 PSYoungGen      total 35328K, used 2551K [0x00000000eab00000, 0x00000000efc00000, 0x0000000100000000)
  eden space 32768K, 0% used [0x00000000eab00000,0x00000000eab00000,0x00000000ecb00000)
  from space 2560K, 99% used [0x00000000ecb00000,0x00000000ecd7ddc0,0x00000000ecd80000)
  to   space 8704K, 0% used [0x00000000ef380000,0x00000000ef380000,0x00000000efc00000)
 ParOldGen       total 44032K, used 11076K [0x00000000c0000000, 0x00000000c2b00000, 0x00000000eab00000)
  object space 44032K, 25% used [0x00000000c0000000,0x00000000c0ad10c0,0x00000000c2b00000)
 Metaspace       used 6197K, capacity 7088K, committed 7296K, reserved 1056768K
  class space    used 600K, capacity 616K, committed 640K, reserved 1048576K
}
Event: 9.800 GC heap before
{Heap before GC invocations=6 (full 0):
 PSYoungGen      total 35328K, used 35319K [0x00000000eab00000, 0x00000000efc00000, 0x0000000100000000)
  eden space 32768K, 100% used [0x00000000eab00000,0x00000000ecb00000,0x00000000ecb00000)
  from space 2560K, 99% used [0x00000000ecb00000,0x00000000ecd7ddc0,0x00000000ecd80000)
  to   space 8704K, 0% used [0x00000000ef380000,0x00000000ef380000,0x00000000efc00000)
 ParOldGen       total 44032K, used 11076K [0x00000000c0000000, 0x00000000c2b00000, 0x00000000eab00000)
  object space 44032K, 25% used [0x00000000c0000000,0x00000000c0ad10c0,0x00000000c2b00000)
 Metaspace       used 6246K, capacity 7088K, committed 7296K, reserved 1056768K
  class space    used 601K, capacity 616K, committed 640K, reserved 1048576K
Event: 9.937 GC heap after
Heap after GC invocations=6 (full 0):
 PSYoungGen      total 73216K, used 8087K [0x00000000eab00000, 0x00000000efe00000, 0x0000000100000000)
  eden space 64512K, 0% used [0x00000000eab00000,0x00000000eab00000,0x00000000eea00000)
  from space 8704K, 92% used [0x00000000ef380000,0x00000000efb65dd0,0x00000000efc00000)
  to   space 9728K, 0% used [0x00000000eea00000,0x00000000eea00000,0x00000000ef380000)
 ParOldGen       total 44032K, used 11076K [0x00000000c0000000, 0x00000000c2b00000, 0x00000000eab00000)
  object space 44032K, 25% used [0x00000000c0000000,0x00000000c0ad10c0,0x00000000c2b00000)
 Metaspace       used 6246K, capacity 7088K, committed 7296K, reserved 1056768K
  class space    used 601K, capacity 616K, committed 640K, reserved 1048576K
}
Event: 18.492 GC heap before
{Heap before GC invocations=7 (full 0):
 PSYoungGen      total 73216K, used 72599K [0x00000000eab00000, 0x00000000efe00000, 0x0000000100000000)
  eden space 64512K, 100% used [0x00000000eab00000,0x00000000eea00000,0x00000000eea00000)
  from space 8704K, 92% used [0x00000000ef380000,0x00000000efb65dd0,0x00000000efc00000)
  to   space 9728K, 0% used [0x00000000eea00000,0x00000000eea00000,0x00000000ef380000)
 ParOldGen       total 44032K, used 11076K [0x00000000c0000000, 0x00000000c2b00000, 0x00000000eab00000)
  object space 44032K, 25% used [0x00000000c0000000,0x00000000c0ad10c0,0x00000000c2b00000)
 Metaspace       used 6286K, capacity 7152K, committed 7296K, reserved 1056768K
  class space    used 601K, capacity 616K, committed 640K, reserved 1048576K
Event: 18.640 GC heap after
Heap after GC invocations=7 (full 0):
 PSYoungGen      total 74240K, used 9717K [0x00000000eab00000, 0x00000000efe00000, 0x0000000100000000)
  eden space 64512K, 0% used [0x00000000eab00000,0x00000000eab00000,0x00000000eea00000)
  from space 9728K, 99% used [0x00000000eea00000,0x00000000ef37d478,0x00000000ef380000)
  to   space 8704K, 0% used [0x00000000ef380000,0x00000000ef380000,0x00000000efc00000)
 ParOldGen       total 44032K, used 19463K [0x00000000c0000000, 0x00000000c2b00000, 0x00000000eab00000)
  object space 44032K, 44% used [0x00000000c0000000,0x00000000c1301ff0,0x00000000c2b00000)
 Metaspace       used 6286K, capacity 7152K, committed 7296K, reserved 1056768K
  class space    used 601K, capacity 616K, committed 640K, reserved 1048576K
}
Event: 25.050 GC heap before
{Heap before GC invocations=8 (full 0):
 PSYoungGen      total 74240K, used 74229K [0x00000000eab00000, 0x00000000efe00000, 0x0000000100000000)
  eden space 64512K, 100% used [0x00000000eab00000,0x00000000eea00000,0x00000000eea00000)
  from space 9728K, 99% used [0x00000000eea00000,0x00000000ef37d478,0x00000000ef380000)
  to   space 8704K, 0% used [0x00000000ef380000,0x00000000ef380000,0x00000000efc00000)
 ParOldGen       total 44032K, used 19463K [0x00000000c0000000, 0x00000000c2b00000, 0x00000000eab00000)
  object space 44032K, 44% used [0x00000000c0000000,0x00000000c1301ff0,0x00000000c2b00000)
 Metaspace       used 6367K, capacity 7216K, committed 7296K, reserved 1056768K
  class space    used 602K, capacity 616K, committed 640K, reserved 1048576K
Event: 25.129 GC heap after
Heap after GC invocations=8 (full 0):
 PSYoungGen      total 73216K, used 8677K [0x00000000eab00000, 0x00000000efe00000, 0x0000000100000000)
  eden space 64512K, 0% used [0x00000000eab00000,0x00000000eab00000,0x00000000eea00000)
  from space 8704K, 99% used [0x00000000ef380000,0x00000000efbf95d0,0x00000000efc00000)
  to   space 9728K, 0% used [0x00000000eea00000,0x00000000eea00000,0x00000000ef380000)
 ParOldGen       total 44032K, used 31554K [0x00000000c0000000, 0x00000000c2b00000, 0x00000000eab00000)
  object space 44032K, 71% used [0x00000000c0000000,0x00000000c1ed0a00,0x00000000c2b00000)
 Metaspace       used 6367K, capacity 7216K, committed 7296K, reserved 1056768K
  class space    used 602K, capacity 616K, committed 640K, reserved 1048576K
}

Deoptimization events (10 events):
Event: 28.882 Thread 0x0000000016645000 Uncommon trap: reason=unstable_if action=reinterpret pc=0x0000000002e230dc method=java.util.HashMap.getNode(ILjava/lang/Object;)Ljava/util/HashMap$Node; @ 84
Event: 28.976 Thread 0x0000000016645000 Uncommon trap: reason=class_check action=maybe_recompile pc=0x0000000002c52ec8 method=com.android.dx.rop.type.Type.equals(Ljava/lang/Object;)Z @ 8
Event: 29.158 Thread 0x0000000016645000 Uncommon trap: reason=unstable_if action=reinterpret pc=0x0000000002e21840 method=java.util.HashMap.getNode(ILjava/lang/Object;)Ljava/util/HashMap$Node; @ 84
Event: 29.195 Thread 0x0000000016645000 Uncommon trap: reason=unstable_if action=reinterpret pc=0x0000000003126324 method=com.android.dx.ssa.Dominators.run()V @ 346
Event: 29.218 Thread 0x000000001664d000 Uncommon trap: reason=unstable_if action=reinterpret pc=0x0000000002e44e44 method=com.android.dx.ssa.MoveParamCombiner$1.visitNonMoveInsn(Lcom/android/dx/ssa/NormalSsaInsn;)V @ 27
Event: 29.990 Thread 0x0000000016645000 Uncommon trap: reason=bimorphic action=maybe_recompile pc=0x000000000308e8f8 method=com.android.dx.cf.code.RopperMachine.run(Lcom/android/dx/cf/code/Frame;II)V @ 988
Event: 29.990 Thread 0x0000000016645000 Uncommon trap: reason=bimorphic action=maybe_recompile pc=0x000000000308e8f8 method=com.android.dx.cf.code.RopperMachine.run(Lcom/android/dx/cf/code/Frame;II)V @ 988
Event: 30.087 Thread 0x0000000016645000 Uncommon trap: reason=bimorphic action=maybe_recompile pc=0x0000000002dc2998 method=com.android.dx.ssa.LiteralOpUpgrader.tryReplacingWithConstant(Lcom/android/dx/ssa/NormalSsaInsn;)Z @ 62
Event: 30.087 Thread 0x0000000016645000 Uncommon trap: reason=unstable_if action=reinterpret pc=0x0000000002f7bdb8 method=com.android.dx.ssa.LiteralOpUpgrader$1.visitNonMoveInsn(Lcom/android/dx/ssa/NormalSsaInsn;)V @ 24
Event: 30.091 Thread 0x0000000016645000 Uncommon trap: reason=bimorphic action=maybe_recompile pc=0x0000000002dc2998 method=com.android.dx.ssa.LiteralOpUpgrader.tryReplacingWithConstant(Lcom/android/dx/ssa/NormalSsaInsn;)Z @ 62

Internal exceptions (6 events):
Event: 0.121 Thread 0x000000000027e000 Exception <a 'java/lang/NoSuchMethodError': Method sun.misc.Unsafe.defineClass(Ljava/lang/String;[BII)Ljava/lang/Class; name or signature does not match> (0x00000000eab12f28) thrown at [C:\re\workspace\8-2-build-windows-amd64-cygwin\jdk8u60\4407\hotspot\srOâàrˇæ?
Event: 0.121 Thread 0x000000000027e000 Exception <a 'java/lang/NoSuchMethodError': Method sun.misc.Unsafe.prefetchRead(Ljava/lang/Object;J)V name or signature does not match> (0x00000000eab13210) thrown at [C:\re\workspace\8-2-build-windows-amd64-cygwin\jdk8u60\4407\hotspot\src\share\vm\prims\jıê$HC"8@
Event: 24.134 Thread 0x0000000016645000 Implicit null exception at 0x0000000002e19dc5 to 0x0000000002e1b295
Event: 28.880 Thread 0x0000000016645000 Exception <a 'java/lang/ArrayIndexOutOfBoundsException': 18> (0x00000000ebc661c0) thrown at [C:\re\workspace\8-2-build-windows-amd64-cygwin\jdk8u60\4407\hotspot\src\share\vm\interpreter\interpreterRuntime.cpp, line 366]
Event: 28.880 Thread 0x0000000016645000 Exception <a 'java/lang/ArrayIndexOutOfBoundsException': 145> (0x00000000ebc67d40) thrown at [C:\re\workspace\8-2-build-windows-amd64-cygwin\jdk8u60\4407\hotspot\src\share\vm\interpreter\interpreterRuntime.cpp, line 366]
Event: 28.881 Thread 0x0000000016645000 Exception <a 'java/lang/ArrayIndexOutOfBoundsException': 40> (0x00000000ebc69028) thrown at [C:\re\workspace\8-2-build-windows-amd64-cygwin\jdk8u60\4407\hotspot\src\share\vm\interpreter\interpreterRuntime.cpp, line 366]

Events (10 events):
Event: 31.868 Thread 0x0000000014d1c800 flushing nmethod 0x0000000002c86510
Event: 31.868 Thread 0x0000000014d1c800 flushing nmethod 0x0000000002c9dd90
Event: 31.868 Thread 0x0000000014d1c800 flushing nmethod 0x0000000002caed50
Event: 31.868 Thread 0x0000000014d1c800 flushing nmethod 0x0000000002cc4410
Event: 31.868 Thread 0x0000000014d1c800 flushing nmethod 0x0000000002cc6790
Event: 33.660 Thread 0x0000000014d1c800 flushing nmethod 0x0000000002d0d950
Event: 33.660 Thread 0x0000000014d1c800 flushing nmethod 0x0000000002d0e010
Event: 33.660 Thread 0x0000000014d1c800 flushing nmethod 0x0000000002d11950
Event: 33.663 Thread 0x0000000016653800 DEOPT PACKING pc=0x000000000324589a sp=0x0000000015dfe8b0
Event: 33.663 Thread 0x0000000016653800 DEOPT UNPACKING pc=0x00000000028371bf sp=0x0000000015dfe6f0 mode 0


Dynamic libraries:
0x000000013f2e0000 - 0x000000013f317000 	C:\Program Files\Java\bin\java.exe
0x0000000076d00000 - 0x0000000076ea9000 	C:\Windows\SYSTEM32\ntdll.dll
0x0000000076be0000 - 0x0000000076cff000 	C:\Windows\system32\kernel32.dll
0x000007fefbc80000 - 0x000007fefbceb000 	C:\Windows\system32\KERNELBASE.dll
0x000007fefbcf0000 - 0x000007fefbdcb000 	C:\Windows\system32\ADVAPI32.dll
0x000007fefbe00000 - 0x000007fefbe9f000 	C:\Windows\system32\msvcrt.dll
0x000007fefd660000 - 0x000007fefd67f000 	C:\Windows\SYSTEM32\sechost.dll
0x000007fefdc10000 - 0x000007fefdd3d000 	C:\Windows\system32\RPCRT4.dll
0x0000000076ae0000 - 0x0000000076bda000 	C:\Windows\system32\USER32.dll
0x000007fefdd40000 - 0x000007fefdda7000 	C:\Windows\system32\GDI32.dll
0x000007fefdf60000 - 0x000007fefdf6e000 	C:\Windows\system32\LPK.dll
0x000007fefd8b0000 - 0x000007fefd979000 	C:\Windows\system32\USP10.dll
0x000007fefa370000 - 0x000007fefa564000 	C:\Windows\WinSxS\amd64_microsoft.windows.common-controls_6595b64144ccf1df_6.0.7601.17514_none_fa396087175ac9ac\COMCTL32.dll
0x000007fefcef0000 - 0x000007fefcf61000 	C:\Windows\system32\SHLWAPI.dll
0x000007fefbdd0000 - 0x000007fefbdfe000 	C:\Windows\system32\IMM32.DLL
0x000007fefd680000 - 0x000007fefd789000 	C:\Windows\system32\MSCTF.dll
0x0000000050e70000 - 0x0000000050f42000 	C:\Program Files\Java\jre\bin\msvcr100.dll
0x0000000077770000 - 0x0000000077ff9000 	C:\Program Files\Java\jre\bin\server\jvm.dll
0x000007feeff70000 - 0x000007feeff79000 	C:\Windows\system32\WSOCK32.dll
0x000007fefce40000 - 0x000007fefce8d000 	C:\Windows\system32\WS2_32.dll
0x000007fefdf70000 - 0x000007fefdf78000 	C:\Windows\system32\NSI.dll
0x000007fef9350000 - 0x000007fef938b000 	C:\Windows\system32\WINMM.dll
0x000007fefaa00000 - 0x000007fefaa0c000 	C:\Windows\system32\VERSION.dll
0x0000000076ec0000 - 0x0000000076ec7000 	C:\Windows\system32\PSAPI.DLL
0x0000000063fb0000 - 0x0000000063fbf000 	C:\Program Files\Java\jre\bin\verify.dll
0x000000005c810000 - 0x000000005c839000 	C:\Program Files\Java\jre\bin\java.dll
0x00000000638d0000 - 0x00000000638e6000 	C:\Program Files\Java\jre\bin\zip.dll
0x000007fefbea0000 - 0x000007fefcc28000 	C:\Windows\system32\SHELL32.dll
0x000007fefcc30000 - 0x000007fefce33000 	C:\Windows\system32\ole32.dll
0x000007fefb8c0000 - 0x000007fefb8cf000 	C:\Windows\system32\profapi.dll

VM Arguments:
jvm_args: -Djava.awt.headless=true -Xmx1024M -Dfile.encoding=windows-1251 -Duser.country=RU -Duser.language=ru -Duser.variant 
java_command: com.android.dx.command.Main --dex --force-jumbo --num-threads=4 --output D:\adroid\Salary\app\build\intermediates\pre-dexed\debug\com.android.support-support-v4-23.4.0_fd1887ac5b671677a07986cdb5e7f949a149d95b.jar D:\adroid\Salary\app\build\intermediates\exploded-aar\com.android.support\support-v4\23.4.0\jars\classes.jar
java_class_path (initial): D:\adroid\sdk\sdk\build-tools\24.0.0-preview\lib\dx.jar
Launcher Type: SUN_STANDARD

Environment Variables:
PATH=C:\ProgramData\Oracle\Java\javapath;C:\Program Files (x86)\NVIDIA Corporation\PhysX\Common;C:\Windows\system32;C:\Windows;C:\Windows\System32\Wbem;C:\Windows\System32\WindowsPowerShell\v1.0\;C:\Program Files (x86)\Mozilla Firefox;C:\Program Files (x86)\NVIDIA Corporation\PhysX\Common;C:\Windows\system32;C:\Windows;C:\Windows\System32\Wbem;C:\Windows\System32\WindowsPowerShell\v1.0\
USERNAME=roma
OS=Windows_NT
PROCESSOR_IDENTIFIER=Intel64 Family 6 Model 23 Stepping 10, GenuineIntel



---------------  S Y S T E M  ---------------

OS: Windows 7 , 64 bit Build 7601 (6.1.7601.18229)

CPU:total 2 (2 cores per cpu, 1 threads per core) family 6 model 23 stepping 10, cmov, cx8, fxsr, mmx, sse, sse2, sse3, ssse3, tsc

Memory: 4k page, physical 4192752k(400028k free), swap 5239468k(4808k free)

vm_info: Java HotSpot(TM) 64-Bit Server VM (25.60-b23) for windows-amd64 JRE (1.8.0_60-b27), built on Aug  4 2015 11:06:27 by "java_re" with MS VC++ 10.0 (VS2010)

time: Wed Jun 08 15:34:19 2016
elapsed time: 34 seconds (0d 0h 0m 34s)

