#
# There is insufficient memory for the Java Runtime Environment to continue.
# Native memory allocation (malloc) failed to allocate 32744 bytes for ChunkPool::allocate
# Possible reasons:
#   The system is out of physical RAM or swap space
#   In 32 bit mode, the process size limit was hit
# Possible solutions:
#   Reduce memory load on the system
#   Increase physical memory or swap space
#   Check if swap backing store is full
#   Use 64 bit Java on a 64 bit OS
#   Decrease Java heap size (-Xmx/-Xms)
#   Decrease number of Java threads
#   Decrease Java thread stack sizes (-Xss)
#   Set larger code cache with -XX:ReservedCodeCacheSize=
# This output file may be truncated or incomplete.
#
#  Out of Memory Error (allocation.cpp:273), pid=5540, tid=2348
#
# JRE version: Java(TM) SE Runtime Environment (8.0_60-b27) (build 1.8.0_60-b27)
# Java VM: Java HotSpot(TM) 64-Bit Server VM (25.60-b23 mixed mode windows-amd64 compressed oops)
# Failed to write core dump. Minidumps are not enabled by default on client versions of Windows
#

---------------  T H R E A D  ---------------

Current thread (0x0000000054e8c800):  JavaThread "C1 CompilerThread1" daemon [_thread_in_native, id=2348, stack(0x0000000056260000,0x0000000056360000)]

Stack: [0x0000000056260000,0x0000000056360000]
[error occurred during error reporting (printing stack bounds), id 0xc0000005]

Native frames: (J=compiled Java code, j=interpreted, Vv=VM code, C=native code)


Current CompileTask:
C1:  22152 2296 %     3       com.android.dx.dex.code.BlockAddresses::setupArrays @ 13 (113 bytes)


---------------  P R O C E S S  ---------------

Java Threads: ( => current thread )
  0x000000005660c000 JavaThread "pool-1-thread-4" [_thread_blocked, id=3772, stack(0x0000000056ea0000,0x0000000056fa0000)]
  0x000000005660b000 JavaThread "pool-1-thread-3" [_thread_blocked, id=2684, stack(0x0000000056bc0000,0x0000000056cc0000)]
  0x0000000056609000 JavaThread "pool-1-thread-2" [_thread_blocked, id=5716, stack(0x0000000056ce0000,0x0000000056de0000)]
  0x00000000565f5000 JavaThread "pool-2-thread-1" [_thread_blocked, id=6044, stack(0x0000000056a80000,0x0000000056b80000)]
  0x00000000565a0000 JavaThread "pool-1-thread-1" [_thread_blocked, id=4916, stack(0x0000000056930000,0x0000000056a30000)]
  0x0000000054e8d800 JavaThread "Service Thread" daemon [_thread_blocked, id=5452, stack(0x0000000056160000,0x0000000056260000)]
=>0x0000000054e8c800 JavaThread "C1 CompilerThread1" daemon [_thread_in_native, id=2348, stack(0x0000000056260000,0x0000000056360000)]
  0x0000000054e86000 JavaThread "C2 CompilerThread0" daemon [_thread_in_native, id=1740, stack(0x0000000056010000,0x0000000056110000)]
  0x0000000054e85000 JavaThread "Attach Listener" daemon [_thread_blocked, id=2388, stack(0x0000000055e90000,0x0000000055f90000)]
  0x0000000054e8f800 JavaThread "Signal Dispatcher" daemon [_thread_blocked, id=4112, stack(0x0000000055c60000,0x0000000055d60000)]
  0x0000000054e26000 JavaThread "Finalizer" daemon [_thread_blocked, id=5020, stack(0x00000000559b0000,0x0000000055ab0000)]
  0x0000000054e22800 JavaThread "Reference Handler" daemon [_thread_blocked, id=4924, stack(0x0000000055710000,0x0000000055810000)]
  0x00000000003fe000 JavaThread "main" [_thread_blocked, id=4736, stack(0x0000000002470000,0x0000000002570000)]

Other Threads:
  0x0000000054e1c800 VMThread [stack: 0x0000000055810000,0x0000000055910000] [id=3976]
  0x0000000056370800 WatcherThread [stack: 0x0000000056780000,0x0000000056880000] [id=3748]

VM state:not at safepoint (normal execution)

VM Mutex/Monitor currently owned by a thread: None

Heap:
 PSYoungGen      total 68096K, used 65397K [0x00000000eab00000, 0x00000000ef000000, 0x0000000100000000)
  eden space 65536K, 95% used [0x00000000eab00000,0x00000000ee85de58,0x00000000eeb00000)
  from space 2560K, 99% used [0x00000000eeb00000,0x00000000eed7f838,0x00000000eed80000)
  to   space 2560K, 0% used [0x00000000eed80000,0x00000000eed80000,0x00000000ef000000)
 ParOldGen       total 44032K, used 22921K [0x00000000c0000000, 0x00000000c2b00000, 0x00000000eab00000)
  object space 44032K, 52% used [0x00000000c0000000,0x00000000c1662740,0x00000000c2b00000)
 Metaspace       used 6372K, capacity 7192K, committed 7424K, reserved 1056768K
  class space    used 621K, capacity 656K, committed 768K, reserved 1048576K

Card table byte_map: [0x0000000011c00000,0x0000000011e10000] byte_map_base: 0x0000000011600000

Marking Bits: (ParMarkBitMap*) 0x000000005e80a5b0
 Begin Bits: [0x00000000122f0000, 0x00000000132f0000)
 End Bits:   [0x00000000132f0000, 0x00000000142f0000)

Polling page: 0x0000000000440000

CodeCache: size=245760Kb used=9762Kb max_used=9769Kb free=235997Kb
 bounds [0x0000000002840000, 0x00000000031e0000, 0x0000000011840000]
 total_blobs=2391 nmethods=2125 adapters=180
 compilation: enabled

Compilation events (10 events):
Event: 21.590 Thread 0x0000000054e8c800 nmethod 2288 0x0000000003138550 code [0x00000000031386e0, 0x0000000003138a38]
Event: 21.590 Thread 0x0000000054e8c800 2290       3       com.android.dx.ssa.LocalVariableInfo::getStarts (19 bytes)
Event: 21.590 Thread 0x0000000054e8c800 nmethod 2290 0x0000000002981910 code [0x0000000002981aa0, 0x0000000002981dc8]
Event: 21.635 Thread 0x0000000054e86000 nmethod 2286% 0x00000000031d4810 code [0x00000000031d4a60, 0x00000000031d5ef8]
Event: 21.635 Thread 0x0000000054e86000 2289       4       com.android.dx.ssa.SsaConverter::placePhiFunctions (394 bytes)
Event: 22.133 Thread 0x0000000054e8c800 2292       3       java.util.HashMap::<init> (98 bytes)
Event: 22.135 Thread 0x0000000054e8c800 nmethod 2292 0x00000000031d2bd0 code [0x00000000031d2e60, 0x00000000031d4008]
Event: 22.142 Thread 0x0000000054e8c800 2295 %     3       com.android.dx.rop.code.LocalVariableExtractor::doit @ 8 (49 bytes)
Event: 22.143 Thread 0x0000000054e8c800 nmethod 2295% 0x000000000297d750 code [0x000000000297d900, 0x000000000297ddf8]
Event: 22.145 Thread 0x0000000054e8c800 2296 %     3       com.android.dx.dex.code.BlockAddresses::setupArrays @ 13 (113 bytes)

GC Heap History (10 events):
Event: 2.043 GC heap before
{Heap before GC invocations=1 (full 0):
 PSYoungGen      total 18944K, used 16384K [0x00000000eab00000, 0x00000000ec000000, 0x0000000100000000)
  eden space 16384K, 100% used [0x00000000eab00000,0x00000000ebb00000,0x00000000ebb00000)
  from space 2560K, 0% used [0x00000000ebd80000,0x00000000ebd80000,0x00000000ec000000)
  to   space 2560K, 0% used [0x00000000ebb00000,0x00000000ebb00000,0x00000000ebd80000)
 ParOldGen       total 44032K, used 0K [0x00000000c0000000, 0x00000000c2b00000, 0x00000000eab00000)
  object space 44032K, 0% used [0x00000000c0000000,0x00000000c0000000,0x00000000c2b00000)
 Metaspace       used 5544K, capacity 6512K, committed 6784K, reserved 1056768K
  class space    used 596K, capacity 616K, committed 640K, reserved 1048576K
Event: 2.144 GC heap after
Heap after GC invocations=1 (full 0):
 PSYoungGen      total 18944K, used 2546K [0x00000000eab00000, 0x00000000ed000000, 0x0000000100000000)
  eden space 16384K, 0% used [0x00000000eab00000,0x00000000eab00000,0x00000000ebb00000)
  from space 2560K, 99% used [0x00000000ebb00000,0x00000000ebd7ca98,0x00000000ebd80000)
  to   space 2560K, 0% used [0x00000000ecd80000,0x00000000ecd80000,0x00000000ed000000)
 ParOldGen       total 44032K, used 1054K [0x00000000c0000000, 0x00000000c2b00000, 0x00000000eab00000)
  object space 44032K, 2% used [0x00000000c0000000,0x00000000c0107a58,0x00000000c2b00000)
 Metaspace       used 5544K, capacity 6512K, committed 6784K, reserved 1056768K
  class space    used 596K, capacity 616K, committed 640K, reserved 1048576K
}
Event: 2.884 GC heap before
{Heap before GC invocations=2 (full 0):
 PSYoungGen      total 18944K, used 18930K [0x00000000eab00000, 0x00000000ed000000, 0x0000000100000000)
  eden space 16384K, 100% used [0x00000000eab00000,0x00000000ebb00000,0x00000000ebb00000)
  from space 2560K, 99% used [0x00000000ebb00000,0x00000000ebd7ca98,0x00000000ebd80000)
  to   space 2560K, 0% used [0x00000000ecd80000,0x00000000ecd80000,0x00000000ed000000)
 ParOldGen       total 44032K, used 1054K [0x00000000c0000000, 0x00000000c2b00000, 0x00000000eab00000)
  object space 44032K, 2% used [0x00000000c0000000,0x00000000c0107a58,0x00000000c2b00000)
 Metaspace       used 5910K, capacity 6832K, committed 7040K, reserved 1056768K
  class space    used 599K, capacity 616K, committed 640K, reserved 1048576K
Event: 2.913 GC heap after
Heap after GC invocations=2 (full 0):
 PSYoungGen      total 35328K, used 2545K [0x00000000eab00000, 0x00000000ed000000, 0x0000000100000000)
  eden space 32768K, 0% used [0x00000000eab00000,0x00000000eab00000,0x00000000ecb00000)
  from space 2560K, 99% used [0x00000000ecd80000,0x00000000ecffc698,0x00000000ed000000)
  to   space 2560K, 0% used [0x00000000ecb00000,0x00000000ecb00000,0x00000000ecd80000)
 ParOldGen       total 44032K, used 2988K [0x00000000c0000000, 0x00000000c2b00000, 0x00000000eab00000)
  object space 44032K, 6% used [0x00000000c0000000,0x00000000c02eb000,0x00000000c2b00000)
 Metaspace       used 5910K, capacity 6832K, committed 7040K, reserved 1056768K
  class space    used 599K, capacity 616K, committed 640K, reserved 1048576K
}
Event: 4.877 GC heap before
{Heap before GC invocations=3 (full 0):
 PSYoungGen      total 35328K, used 35313K [0x00000000eab00000, 0x00000000ed000000, 0x0000000100000000)
  eden space 32768K, 100% used [0x00000000eab00000,0x00000000ecb00000,0x00000000ecb00000)
  from space 2560K, 99% used [0x00000000ecd80000,0x00000000ecffc698,0x00000000ed000000)
  to   space 2560K, 0% used [0x00000000ecb00000,0x00000000ecb00000,0x00000000ecd80000)
 ParOldGen       total 44032K, used 2988K [0x00000000c0000000, 0x00000000c2b00000, 0x00000000eab00000)
  object space 44032K, 6% used [0x00000000c0000000,0x00000000c02eb000,0x00000000c2b00000)
 Metaspace       used 6033K, capacity 6960K, committed 7040K, reserved 1056768K
  class space    used 600K, capacity 616K, committed 640K, reserved 1048576K
Event: 4.998 GC heap after
Heap after GC invocations=3 (full 0):
 PSYoungGen      total 35328K, used 2536K [0x00000000eab00000, 0x00000000ef000000, 0x0000000100000000)
  eden space 32768K, 0% used [0x00000000eab00000,0x00000000eab00000,0x00000000ecb00000)
  from space 2560K, 99% used [0x00000000ecb00000,0x00000000ecd7a188,0x00000000ecd80000)
  to   space 2560K, 0% used [0x00000000eed80000,0x00000000eed80000,0x00000000ef000000)
 ParOldGen       total 44032K, used 8445K [0x00000000c0000000, 0x00000000c2b00000, 0x00000000eab00000)
  object space 44032K, 19% used [0x00000000c0000000,0x00000000c083f780,0x00000000c2b00000)
 Metaspace       used 6033K, capacity 6960K, committed 7040K, reserved 1056768K
  class space    used 600K, capacity 616K, committed 640K, reserved 1048576K
}
Event: 5.619 GC heap before
{Heap before GC invocations=4 (full 0):
 PSYoungGen      total 35328K, used 35304K [0x00000000eab00000, 0x00000000ef000000, 0x0000000100000000)
  eden space 32768K, 100% used [0x00000000eab00000,0x00000000ecb00000,0x00000000ecb00000)
  from space 2560K, 99% used [0x00000000ecb00000,0x00000000ecd7a188,0x00000000ecd80000)
  to   space 2560K, 0% used [0x00000000eed80000,0x00000000eed80000,0x00000000ef000000)
 ParOldGen       total 44032K, used 8445K [0x00000000c0000000, 0x00000000c2b00000, 0x00000000eab00000)
  object space 44032K, 19% used [0x00000000c0000000,0x00000000c083f780,0x00000000c2b00000)
 Metaspace       used 6045K, capacity 6960K, committed 7040K, reserved 1056768K
  class space    used 600K, capacity 616K, committed 640K, reserved 1048576K
Event: 5.734 GC heap after
Heap after GC invocations=4 (full 0):
 PSYoungGen      total 68096K, used 2532K [0x00000000eab00000, 0x00000000ef000000, 0x0000000100000000)
  eden space 65536K, 0% used [0x00000000eab00000,0x00000000eab00000,0x00000000eeb00000)
  from space 2560K, 98% used [0x00000000eed80000,0x00000000eeff9048,0x00000000ef000000)
  to   space 2560K, 0% used [0x00000000eeb00000,0x00000000eeb00000,0x00000000eed80000)
 ParOldGen       total 44032K, used 13520K [0x00000000c0000000, 0x00000000c2b00000, 0x00000000eab00000)
  object space 44032K, 30% used [0x00000000c0000000,0x00000000c0d34090,0x00000000c2b00000)
 Metaspace       used 6045K, capacity 6960K, committed 7040K, reserved 1056768K
  class space    used 600K, capacity 616K, committed 640K, reserved 1048576K
}
Event: 13.474 GC heap before
{Heap before GC invocations=5 (full 0):
 PSYoungGen      total 68096K, used 68068K [0x00000000eab00000, 0x00000000ef000000, 0x0000000100000000)
  eden space 65536K, 100% used [0x00000000eab00000,0x00000000eeb00000,0x00000000eeb00000)
  from space 2560K, 98% used [0x00000000eed80000,0x00000000eeff9048,0x00000000ef000000)
  to   space 2560K, 0% used [0x00000000eeb00000,0x00000000eeb00000,0x00000000eed80000)
 ParOldGen       total 44032K, used 13520K [0x00000000c0000000, 0x00000000c2b00000, 0x00000000eab00000)
  object space 44032K, 30% used [0x00000000c0000000,0x00000000c0d34090,0x00000000c2b00000)
 Metaspace       used 6231K, capacity 7088K, committed 7296K, reserved 1056768K
  class space    used 600K, capacity 616K, committed 640K, reserved 1048576K
Event: 13.681 GC heap after
Heap after GC invocations=5 (full 0):
 PSYoungGen      total 68096K, used 2558K [0x00000000eab00000, 0x00000000ef000000, 0x0000000100000000)
  eden space 65536K, 0% used [0x00000000eab00000,0x00000000eab00000,0x00000000eeb00000)
  from space 2560K, 99% used [0x00000000eeb00000,0x00000000eed7f838,0x00000000eed80000)
  to   space 2560K, 0% used [0x00000000eed80000,0x00000000eed80000,0x00000000ef000000)
 ParOldGen       total 44032K, used 22921K [0x00000000c0000000, 0x00000000c2b00000, 0x00000000eab00000)
  object space 44032K, 52% used [0x00000000c0000000,0x00000000c1662740,0x00000000c2b00000)
 Metaspace       used 6231K, capacity 7088K, committed 7296K, reserved 1056768K
  class space    used 600K, capacity 616K, committed 640K, reserved 1048576K
}

Deoptimization events (10 events):
Event: 15.324 Thread 0x000000005660b000 Uncommon trap: reason=unstable_if action=reinterpret pc=0x0000000002fc5634 method=com.android.dx.ssa.SsaMethod.blockIndexToRopLabel(I)I @ 1
Event: 15.337 Thread 0x000000005660b000 Uncommon trap: reason=unstable_if action=reinterpret pc=0x0000000002f4cb44 method=com.android.dx.rop.code.BasicBlockList.preferredSuccessorOf(Lcom/android/dx/rop/code/BasicBlock;)Lcom/android/dx/rop/code/BasicBlock; @ 58
Event: 15.416 Thread 0x0000000056609000 Uncommon trap: reason=bimorphic action=maybe_recompile pc=0x0000000002ef4ae0 method=com.android.dx.ssa.LiteralOpUpgrader.tryReplacingWithConstant(Lcom/android/dx/ssa/NormalSsaInsn;)Z @ 62
Event: 17.122 Thread 0x00000000565a0000 Uncommon trap: reason=unstable_if action=reinterpret pc=0x0000000002cbf130 method=java.util.HashMap.putVal(ILjava/lang/Object;Ljava/lang/Object;ZZ)Ljava/lang/Object; @ 162
Event: 18.135 Thread 0x000000005660c000 Uncommon trap: reason=unstable_if action=reinterpret pc=0x0000000003089500 method=com.android.dx.ssa.InterferenceRegisterMapper.interferes(III)Z @ 35
Event: 18.138 Thread 0x000000005660c000 Uncommon trap: reason=unstable_if action=reinterpret pc=0x000000000301b8b0 method=com.android.dx.cf.code.Merger.mergeType(Lcom/android/dx/rop/type/TypeBearer;Lcom/android/dx/rop/type/TypeBearer;)Lcom/android/dx/rop/type/TypeBearer; @ 52
Event: 18.784 Thread 0x0000000056609000 Uncommon trap: reason=bimorphic action=maybe_recompile pc=0x0000000002ef4ae0 method=com.android.dx.ssa.LiteralOpUpgrader.tryReplacingWithConstant(Lcom/android/dx/ssa/NormalSsaInsn;)Z @ 62
Event: 19.331 Thread 0x000000005660b000 Uncommon trap: reason=unstable_if action=reinterpret pc=0x0000000002f6aeb8 method=com.android.dx.cf.code.Ropper.isSynchronized()Z @ 12
Event: 19.332 Thread 0x000000005660b000 Uncommon trap: reason=unstable_if action=reinterpret pc=0x0000000002e0cd44 method=com.android.dx.ssa.MoveParamCombiner$1.visitNonMoveInsn(Lcom/android/dx/ssa/NormalSsaInsn;)V @ 27
Event: 19.648 Thread 0x000000005660c000 Uncommon trap: reason=unstable_if action=reinterpret pc=0x0000000002eaba70 method=com.android.dx.rop.code.DexTranslationAdvice.hasConstantOperation(Lcom/android/dx/rop/code/Rop;Lcom/android/dx/rop/code/RegisterSpec;Lcom/android/dx/rop/code/RegisterSpec;)Z òôó=¥•.@

Internal exceptions (6 events):
Event: 0.480 Thread 0x00000000003fe000 Exception <a 'java/lang/NoSuchMethodError': Method sun.misc.Unsafe.defineClass(Ljava/lang/String;[BII)Ljava/lang/Class; name or signature does not match> (0x00000000eab13060) thrown at [C:\re\workspace\8-2-build-windows-amd64-cygwin\jdk8u60\4407\hotspot\sr)ôpﬁ±ﬁ?
Event: 0.480 Thread 0x00000000003fe000 Exception <a 'java/lang/NoSuchMethodError': Method sun.misc.Unsafe.prefetchRead(Ljava/lang/Object;J)V name or signature does not match> (0x00000000eab13348) thrown at [C:\re\workspace\8-2-build-windows-amd64-cygwin\jdk8u60\4407\hotspot\src\share\vm\prims\j8ÅÇv2–@
Event: 3.477 Thread 0x000000005660c000 Implicit null exception at 0x0000000002c421d7 to 0x0000000002c442f1
Event: 14.840 Thread 0x00000000565a0000 Exception <a 'java/lang/ArrayIndexOutOfBoundsException': 18> (0x00000000eb2cb940) thrown at [C:\re\workspace\8-2-build-windows-amd64-cygwin\jdk8u60\4407\hotspot\src\share\vm\interpreter\interpreterRuntime.cpp, line 366]
Event: 14.841 Thread 0x00000000565a0000 Exception <a 'java/lang/ArrayIndexOutOfBoundsException': 145> (0x00000000eb2cd4c0) thrown at [C:\re\workspace\8-2-build-windows-amd64-cygwin\jdk8u60\4407\hotspot\src\share\vm\interpreter\interpreterRuntime.cpp, line 366]
Event: 14.843 Thread 0x00000000565a0000 Exception <a 'java/lang/ArrayIndexOutOfBoundsException'> (0x00000000eb2ce7a8) thrown at [C:\re\workspace\8-2-build-windows-amd64-cygwin\jdk8u60\4407\hotspot\src\share\vm\runtime\sharedRuntime.cpp, line 605]

Events (10 events):
Event: 19.955 Thread 0x0000000054e86000 flushing nmethod 0x000000000297b510
Event: 19.955 Thread 0x0000000054e86000 flushing nmethod 0x000000000297c8d0
Event: 19.955 Thread 0x0000000054e86000 flushing nmethod 0x000000000297d290
Event: 19.955 Thread 0x0000000054e86000 flushing nmethod 0x000000000297d990
Event: 19.955 Thread 0x0000000054e86000 flushing nmethod 0x0000000002981210
Event: 20.170 Thread 0x0000000054e86000 flushing nmethod 0x0000000002990650
Event: 20.754 Thread 0x00000000565a0000 DEOPT PACKING pc=0x0000000002e851b1 sp=0x0000000056a2e910
Event: 20.754 Thread 0x00000000565a0000 DEOPT UNPACKING pc=0x00000000028871bf sp=0x0000000056a2e6a0 mode 0
Event: 21.577 Thread 0x00000000565a0000 DEOPT PACKING pc=0x0000000002f36601 sp=0x0000000056a2e850
Event: 21.577 Thread 0x00000000565a0000 DEOPT UNPACKING pc=0x00000000028871bf sp=0x0000000056a2e680 mode 0


Dynamic libraries:
0x000000013f290000 - 0x000000013f2c7000 	C:\Program Files\Java\bin\java.exe
0x0000000077be0000 - 0x0000000077d89000 	C:\Windows\SYSTEM32\ntdll.dll
0x0000000077ac0000 - 0x0000000077bdf000 	C:\Windows\system32\kernel32.dll
0x000007fefc920000 - 0x000007fefc98b000 	C:\Windows\system32\KERNELBASE.dll
0x000007fefcd00000 - 0x000007fefcddb000 	C:\Windows\system32\ADVAPI32.dll
0x000007fefd400000 - 0x000007fefd49f000 	C:\Windows\system32\msvcrt.dll
0x000007fefd090000 - 0x000007fefd0af000 	C:\Windows\SYSTEM32\sechost.dll
0x000007fefcbd0000 - 0x000007fefccfd000 	C:\Windows\system32\RPCRT4.dll
0x00000000779c0000 - 0x0000000077aba000 	C:\Windows\system32\USER32.dll
0x000007fefec20000 - 0x000007fefec87000 	C:\Windows\system32\GDI32.dll
0x000007fefee50000 - 0x000007fefee5e000 	C:\Windows\system32\LPK.dll
0x000007fefd330000 - 0x000007fefd3f9000 	C:\Windows\system32\USP10.dll
0x000007fefb250000 - 0x000007fefb444000 	C:\Windows\WinSxS\amd64_microsoft.windows.common-controls_6595b64144ccf1df_6.0.7601.17514_none_fa396087175ac9ac\COMCTL32.dll
0x000007fefe6e0000 - 0x000007fefe751000 	C:\Windows\system32\SHLWAPI.dll
0x000007fefd4a0000 - 0x000007fefd4ce000 	C:\Windows\system32\IMM32.DLL
0x000007fefd4d0000 - 0x000007fefd5d9000 	C:\Windows\system32\MSCTF.dll
0x0000000063c60000 - 0x0000000063d32000 	C:\Program Files\Java\jre\bin\msvcr100.dll
0x000000005e000000 - 0x000000005e889000 	C:\Program Files\Java\jre\bin\server\jvm.dll
0x000007fef0a80000 - 0x000007fef0a89000 	C:\Windows\system32\WSOCK32.dll
0x000007fefd0b0000 - 0x000007fefd0fd000 	C:\Windows\system32\WS2_32.dll
0x000007fefee40000 - 0x000007fefee48000 	C:\Windows\system32\NSI.dll
0x000007fefa230000 - 0x000007fefa26b000 	C:\Windows\system32\WINMM.dll
0x000007fefb8e0000 - 0x000007fefb8ec000 	C:\Windows\system32\VERSION.dll
0x0000000077db0000 - 0x0000000077db7000 	C:\Windows\system32\PSAPI.DLL
0x0000000074110000 - 0x000000007411f000 	C:\Program Files\Java\jre\bin\verify.dll
0x0000000070ca0000 - 0x0000000070cc9000 	C:\Program Files\Java\jre\bin\java.dll
0x0000000070c80000 - 0x0000000070c96000 	C:\Program Files\Java\jre\bin\zip.dll
0x000007fefd950000 - 0x000007fefe6d8000 	C:\Windows\system32\SHELL32.dll
0x000007fefce80000 - 0x000007fefd083000 	C:\Windows\system32\ole32.dll
0x000007fefc7a0000 - 0x000007fefc7af000 	C:\Windows\system32\profapi.dll

VM Arguments:
jvm_args: -Djava.awt.headless=true -Xmx1024M -Dfile.encoding=windows-1251 -Duser.country=RU -Duser.language=ru -Duser.variant 
java_command: com.android.dx.command.Main --dex --force-jumbo --num-threads=4 --output D:\adroid\Salary\app\build\intermediates\pre-dexed\debug\com.android.support-appcompat-v7-23.4.0_01cba8ebc0e045dbba7f42144e89788ef9fb2541.jar D:\adroid\Salary\app\build\intermediates\exploded-aar\com.android.support\appcompat-v7\23.4.0\jars\classes.jar
java_class_path (initial): D:\adroid\sdk\sdk\build-tools\24.0.0-preview\lib\dx.jar
Launcher Type: SUN_STANDARD

Environment Variables:
PATH=C:\ProgramData\Oracle\Java\javapath;C:\Program Files (x86)\NVIDIA Corporation\PhysX\Common;C:\Windows\system32;C:\Windows;C:\Windows\System32\Wbem;C:\Windows\System32\WindowsPowerShell\v1.0\;C:\Program Files (x86)\Mozilla Firefox;C:\Program Files (x86)\NVIDIA Corporation\PhysX\Common;C:\Windows\system32;C:\Windows;C:\Windows\System32\Wbem;C:\Windows\System32\WindowsPowerShell\v1.0\
USERNAME=roma
OS=Windows_NT
PROCESSOR_IDENTIFIER=Intel64 Family 6 Model 23 Stepping 10, GenuineIntel



---------------  S Y S T E M  ---------------

OS: Windows 7 , 64 bit Build 7601 (6.1.7601.18229)

CPU:total 2 (2 cores per cpu, 1 threads per core) family 6 model 23 stepping 10, cmov, cx8, fxsr, mmx, sse, sse2, sse3, ssse3, tsc

Memory: 4k page, physical 4192752k(153012k free), swap 5239468k(5148k free)

vm_info: Java HotSpot(TM) 64-Bit Server VM (25.60-b23) for windows-amd64 JRE (1.8.0_60-b27), built on Aug  4 2015 11:06:27 by "java_re" with MS VC++ 10.0 (VS2010)

time: Mon Jun 20 16:06:01 2016
elapsed time: 22 seconds (0d 0h 0m 22s)

